INFO  [2014-05-08 21:06:48,717] com.sun.jersey.api.container.filter.LoggingFilter: 16 * Server in-bound request
16 > GET http://localhost:8080/sms-voting/web/polls/login
16 > Cookie: username=hol
16 > Host: localhost:8080
16 > Accept: text/html,application/xhtml+xml,application/xml;q=0.9,image/webp,*/*;q=0.8
16 > Accept-Language: en-US,en;q=0.8
16 > User-Agent: Mozilla/5.0 (Macintosh; Intel Mac OS X 10_8_5) AppleWebKit/537.36 (KHTML, like Gecko) Chrome/34.0.1847.131 Safari/537.36
16 > Connection: keep-alive
16 > Accept-Encoding: gzip,deflate,sdch
16 > 

INFO  [2014-05-08 21:06:48,786] com.sun.jersey.api.container.filter.LoggingFilter: 16 * Server out-bound response
16 < 200
16 < Content-Type: text/html
16 < 
<!DOCTYPE html]]>

<html xmlns="http://www.w3.org/1999/xhtml">
<head>
<title>Web Voting</title>
<meta http-equiv="Content-Type" content="text/html; charset=UTF-8" />

<link href="../../../../assets/css/style.css" rel="stylesheet" type="text/css" />
<!-- CuFon: Enables smooth pretty custom font rendering. 100% SEO friendly. To disable, remove this section -->
<script type="text/javascript" src="../../../../assets/js/cufon-yui.js"></script>
<script type="text/javascript" src="../../../../assets/js/arial.js"></script>
<script type="text/javascript" src="../../../../assets/js/cuf_run.js"></script>


<!-- CuFon ends -->
</head>
<body>
<div class="main">
  <div class="header">
    <div class="header_resize">
      <div class="logo">
       <h1>Web Voting<small>Polaris</small></h1>
      </div>

      <div class="menu_nav">
       <ul>
          
          <li class="active"><a href="index"><span>Home</span></a></li>
          <li><a href="login"><span>Login</span></a></li>
          <li><a href="register"><span>Sign Up</span></a></li>
          
          
      </ul>     
        <div class="clr"></div>
      </div>
           
        
      <div class="clr"></div>
      <div class="header_img></div>
      
      
    </div>
  </div>
  <div class="clr"></div>
  <div class="content">
    <div class="content_resize">
      <div class="mainbar">
  <div class="article">
<form name="login">
        <div id="login" class="animate form">
            <form  action="mysuperscript.php" autocomplete="on">  
                 <h2>Login</h2> 

                <p> 
                    <label for="usernamep" class="uname" data-icon="u" > email &nbsp &nbsp &nbsp &nbsp </label>
                    <input id="usernamep" name="usernamep" required="required" type="text" placeholder="myusername or mymail@mail.com"/>
                </p>
                <p> 
                    <label for="password" class="youpasswd" data-icon="p"> Password </label>
                    <input id="password" name="password" required="required" type="password" placeholder="eg. X8df!90EO" /> 
                </p>
                <p class="keeplogin"> 
                    <input type="checkbox" name="loginkeeping" id="loginkeeping" value="loginkeeping" /> 
                    <label for="loginkeeping">Keep me logged in</label>
                </p>
                <p  > 
                    <!-- <input type="submit" value="Login" id="login" /> -->
                   <!-- <button id="login" type="button" onClick="doNav()">login</button> -->
                   <button id="login" type="button">Login</button>
                </p>
                <p class="change_link">
                    Not a member yet ?<br/>
<a href="register"><span>Sign Up</span></a>
                   
                </p>
            
        </div>
</form>
        </div>
</div>
         
      </div>
       <div class="sidebar">
     

     
    

<div>
<br/>
<br/>


</div>


<div class="article">
          
        </div>

        <div class="gadget">
      
          
      </div>
      <div class="clr"></div>
    </div>
  </div>
 <div class="fbg">
    <div class="fbg_resize">
      
  <div class="clr"></div>
    </div>
      <div class="clr"></div>
    </div>
  </div>
</div>
<!-- script tags -->
            <!-- jQuery (necessary for Bootstrap's JavaScript plugins) -->
            <script src="//code.jquery.com/jquery.js"></script>
            <!-- Latest compiled and minified JavaScript -->
<script src="//netdna.bootstrapcdn.com/bootstrap/3.1.1/js/bootstrap.min.js"></script>
<script type="text/javascript" src="../../../../assets/js/login.js"></script>

</body>
</html>

INFO  [2014-05-08 21:06:59,030] org.eclipse.jetty.server.Server: Graceful shutdown SocketConnector@0.0.0.0:8081
INFO  [2014-05-08 21:06:59,039] org.eclipse.jetty.server.Server: Graceful shutdown InstrumentedBlockingChannelConnector@0.0.0.0:8080
INFO  [2014-05-08 21:06:59,041] org.eclipse.jetty.server.Server: Graceful shutdown o.e.j.s.ServletContextHandler{/,null}
INFO  [2014-05-08 21:06:59,045] org.eclipse.jetty.server.Server: Graceful shutdown o.e.j.s.ServletContextHandler{/,file:/Users/minu/Documents/workspace-sts-3.4.0.RELEASE/sms-voting-service/target/classes/}
INFO  [2014-05-08 21:07:01,108] org.eclipse.jetty.server.handler.ContextHandler: stopped o.e.j.s.ServletContextHandler{/,file:/Users/minu/Documents/workspace-sts-3.4.0.RELEASE/sms-voting-service/target/classes/}
INFO  [2014-05-08 21:07:01,109] org.eclipse.jetty.server.handler.ContextHandler: stopped o.e.j.s.ServletContextHandler{/,null}
