INFO  [2014-05-06 21:14:31,441] org.eclipse.jetty.server.Server: Graceful shutdown SocketConnector@0.0.0.0:9000
INFO  [2014-05-06 21:14:31,447] org.eclipse.jetty.server.Server: Graceful shutdown InstrumentedBlockingChannelConnector@0.0.0.0:9090
INFO  [2014-05-06 21:14:31,459] org.eclipse.jetty.server.Server: Graceful shutdown o.e.j.s.ServletContextHandler{/,null}
INFO  [2014-05-06 21:14:31,459] org.eclipse.jetty.server.Server: Graceful shutdown o.e.j.s.ServletContextHandler{/,null}
INFO  [2014-05-06 21:14:33,522] org.eclipse.jetty.server.handler.ContextHandler: stopped o.e.j.s.ServletContextHandler{/,null}
INFO  [2014-05-06 21:14:33,522] org.eclipse.jetty.server.handler.ContextHandler: stopped o.e.j.s.ServletContextHandler{/,null}
INFO  [2014-05-06 21:14:33,632] org.quartz.core.QuartzScheduler: Scheduler DefaultQuartzScheduler_$_NON_CLUSTERED shutting down.
INFO  [2014-05-06 21:14:33,633] org.quartz.core.QuartzScheduler: Scheduler DefaultQuartzScheduler_$_NON_CLUSTERED paused.
INFO  [2014-05-06 21:14:34,118] org.quartz.core.QuartzScheduler: Scheduler DefaultQuartzScheduler_$_NON_CLUSTERED shutdown complete.
INFO  [2014-05-07 02:08:01,678] org.reflections.Reflections: Reflections took 101 ms to scan 1 urls, producing 2 keys and 2 values 
WARN  [2014-05-07 02:08:02,259] com.yammer.dropwizard.config.ServerFactory: 
!!!!!!!!!!!!!!!!!!!!!!!!!!!!!!!!!!!!!!!!!!!!!!!!!!!!!!!!!!!!!!!!!!!!!!!!!!!!!!!!
!!!!!!!!!!!!!!!!!!!!!!!!!!!!!!!!!!!!!!!!!!!!!!!!!!!!!!!!!!!!!!!!!!!!!!!!!!!!!!!!
!    THIS SERVICE HAS NO HEALTHCHECKS. THIS MEANS YOU WILL NEVER KNOW IF IT    !
!    DIES IN PRODUCTION, WHICH MEANS YOU WILL NEVER KNOW IF YOU'RE LETTING     !
!     YOUR USERS DOWN. YOU SHOULD ADD A HEALTHCHECK FOR EACH DEPENDENCY OF     !
!     YOUR SERVICE WHICH FULLY (BUT LIGHTLY) TESTS YOUR SERVICE'S ABILITY TO   !
!      USE THAT SERVICE. THINK OF IT AS A CONTINUOUS INTEGRATION TEST.         !
!!!!!!!!!!!!!!!!!!!!!!!!!!!!!!!!!!!!!!!!!!!!!!!!!!!!!!!!!!!!!!!!!!!!!!!!!!!!!!!!
!!!!!!!!!!!!!!!!!!!!!!!!!!!!!!!!!!!!!!!!!!!!!!!!!!!!!!!!!!!!!!!!!!!!!!!!!!!!!!!!
INFO  [2014-05-07 02:08:02,328] com.yammer.dropwizard.cli.ServerCommand: Starting procurement-service
INFO  [2014-05-07 02:08:02,330] org.eclipse.jetty.server.Server: jetty-8.1.10.v20130312
INFO  [2014-05-07 02:08:02,446] com.sun.jersey.server.impl.application.WebApplicationImpl: Initiating Jersey application, version 'Jersey: 1.17.1 02/28/2013 12:47 PM'
INFO  [2014-05-07 02:08:02,479] com.yammer.dropwizard.config.Environment: The following paths were found for the configured resources:

    GET     / (edu.sjsu.cmpe.voting.procurement.api.resources.RootResource)

INFO  [2014-05-07 02:08:02,480] com.yammer.dropwizard.config.Environment: tasks = 

    POST    /tasks/gc (com.yammer.dropwizard.tasks.GarbageCollectionTask)

INFO  [2014-05-07 02:08:02,727] org.quartz.impl.StdSchedulerFactory: Using default implementation for ThreadExecutor
INFO  [2014-05-07 02:08:02,732] org.quartz.simpl.SimpleThreadPool: Job execution threads will use class loader of thread: main
INFO  [2014-05-07 02:08:02,758] org.quartz.core.SchedulerSignalerImpl: Initialized Scheduler Signaller of type: class org.quartz.core.SchedulerSignalerImpl
INFO  [2014-05-07 02:08:02,760] org.quartz.core.QuartzScheduler: Quartz Scheduler v.2.1.5 created.
INFO  [2014-05-07 02:08:02,762] org.quartz.simpl.RAMJobStore: RAMJobStore initialized.
INFO  [2014-05-07 02:08:02,764] org.quartz.core.QuartzScheduler: Scheduler meta-data: Quartz Scheduler (v2.1.5) 'DefaultQuartzScheduler' with instanceId 'NON_CLUSTERED'
  Scheduler class: 'org.quartz.core.QuartzScheduler' - running locally.
  NOT STARTED.
  Currently in standby mode.
  Number of jobs executed: 0
  Using thread pool 'org.quartz.simpl.SimpleThreadPool' - with 10 threads.
  Using job-store 'org.quartz.simpl.RAMJobStore' - which does not support persistence. and is not clustered.

INFO  [2014-05-07 02:08:02,764] org.quartz.impl.StdSchedulerFactory: Quartz scheduler 'DefaultQuartzScheduler' initialized from default resource file in Quartz package: 'quartz.properties'
INFO  [2014-05-07 02:08:02,764] org.quartz.impl.StdSchedulerFactory: Quartz scheduler version: 2.1.5
INFO  [2014-05-07 02:08:02,764] org.quartz.core.QuartzScheduler: Scheduler DefaultQuartzScheduler_$_NON_CLUSTERED started.
INFO  [2014-05-07 02:08:02,768] de.spinscale.dropwizard.jobs.JobManager: Jobs to run on application start: []
INFO  [2014-05-07 02:08:02,769] de.spinscale.dropwizard.jobs.JobManager: Jobs with @Every annotation: [class edu.sjsu.cmpe.voting.procurement.jobs.ProcurementSchedulerJob]
INFO  [2014-05-07 02:08:02,784] de.spinscale.dropwizard.jobs.JobManager: Jobs with @On annotation: []
INFO  [2014-05-07 02:08:02,817] org.eclipse.jetty.server.AbstractConnector: Started InstrumentedBlockingChannelConnector@0.0.0.0:9080
INFO  [2014-05-07 02:08:02,823] org.eclipse.jetty.server.AbstractConnector: Started SocketConnector@0.0.0.0:9081
INFO  [2014-05-07 02:10:14,969] org.eclipse.jetty.server.Server: Graceful shutdown SocketConnector@0.0.0.0:9081
INFO  [2014-05-07 02:10:14,970] org.eclipse.jetty.server.Server: Graceful shutdown InstrumentedBlockingChannelConnector@0.0.0.0:9080
INFO  [2014-05-07 02:10:14,970] org.eclipse.jetty.server.Server: Graceful shutdown o.e.j.s.ServletContextHandler{/,null}
INFO  [2014-05-07 02:10:14,970] org.eclipse.jetty.server.Server: Graceful shutdown o.e.j.s.ServletContextHandler{/,file:/Users/minu/Documents/workspace-sts-3.4.0.RELEASE/voting-procurement-service/target/classes/}
INFO  [2014-05-07 02:10:17,022] org.eclipse.jetty.server.handler.ContextHandler: stopped o.e.j.s.ServletContextHandler{/,file:/Users/minu/Documents/workspace-sts-3.4.0.RELEASE/voting-procurement-service/target/classes/}
INFO  [2014-05-07 02:10:17,023] org.eclipse.jetty.server.handler.ContextHandler: stopped o.e.j.s.ServletContextHandler{/,null}
INFO  [2014-05-07 02:10:17,126] org.quartz.core.QuartzScheduler: Scheduler DefaultQuartzScheduler_$_NON_CLUSTERED shutting down.
INFO  [2014-05-07 02:10:17,126] org.quartz.core.QuartzScheduler: Scheduler DefaultQuartzScheduler_$_NON_CLUSTERED paused.
INFO  [2014-05-07 02:10:17,448] org.quartz.core.QuartzScheduler: Scheduler DefaultQuartzScheduler_$_NON_CLUSTERED shutdown complete.
INFO  [2014-05-07 02:10:20,073] org.reflections.Reflections: Reflections took 87 ms to scan 1 urls, producing 2 keys and 2 values 
WARN  [2014-05-07 02:10:20,601] com.yammer.dropwizard.config.ServerFactory: 
!!!!!!!!!!!!!!!!!!!!!!!!!!!!!!!!!!!!!!!!!!!!!!!!!!!!!!!!!!!!!!!!!!!!!!!!!!!!!!!!
!!!!!!!!!!!!!!!!!!!!!!!!!!!!!!!!!!!!!!!!!!!!!!!!!!!!!!!!!!!!!!!!!!!!!!!!!!!!!!!!
!    THIS SERVICE HAS NO HEALTHCHECKS. THIS MEANS YOU WILL NEVER KNOW IF IT    !
!    DIES IN PRODUCTION, WHICH MEANS YOU WILL NEVER KNOW IF YOU'RE LETTING     !
!     YOUR USERS DOWN. YOU SHOULD ADD A HEALTHCHECK FOR EACH DEPENDENCY OF     !
!     YOUR SERVICE WHICH FULLY (BUT LIGHTLY) TESTS YOUR SERVICE'S ABILITY TO   !
!      USE THAT SERVICE. THINK OF IT AS A CONTINUOUS INTEGRATION TEST.         !
!!!!!!!!!!!!!!!!!!!!!!!!!!!!!!!!!!!!!!!!!!!!!!!!!!!!!!!!!!!!!!!!!!!!!!!!!!!!!!!!
!!!!!!!!!!!!!!!!!!!!!!!!!!!!!!!!!!!!!!!!!!!!!!!!!!!!!!!!!!!!!!!!!!!!!!!!!!!!!!!!
INFO  [2014-05-07 02:10:20,675] com.yammer.dropwizard.cli.ServerCommand: Starting procurement-service
INFO  [2014-05-07 02:10:20,676] org.eclipse.jetty.server.Server: jetty-8.1.10.v20130312
INFO  [2014-05-07 02:10:20,775] com.sun.jersey.server.impl.application.WebApplicationImpl: Initiating Jersey application, version 'Jersey: 1.17.1 02/28/2013 12:47 PM'
INFO  [2014-05-07 02:10:20,807] com.yammer.dropwizard.config.Environment: The following paths were found for the configured resources:

    GET     / (edu.sjsu.cmpe.voting.procurement.api.resources.RootResource)

INFO  [2014-05-07 02:10:20,808] com.yammer.dropwizard.config.Environment: tasks = 

    POST    /tasks/gc (com.yammer.dropwizard.tasks.GarbageCollectionTask)

INFO  [2014-05-07 02:10:21,030] org.quartz.impl.StdSchedulerFactory: Using default implementation for ThreadExecutor
INFO  [2014-05-07 02:10:21,034] org.quartz.simpl.SimpleThreadPool: Job execution threads will use class loader of thread: main
INFO  [2014-05-07 02:10:21,058] org.quartz.core.SchedulerSignalerImpl: Initialized Scheduler Signaller of type: class org.quartz.core.SchedulerSignalerImpl
INFO  [2014-05-07 02:10:21,059] org.quartz.core.QuartzScheduler: Quartz Scheduler v.2.1.5 created.
INFO  [2014-05-07 02:10:21,061] org.quartz.simpl.RAMJobStore: RAMJobStore initialized.
INFO  [2014-05-07 02:10:21,062] org.quartz.core.QuartzScheduler: Scheduler meta-data: Quartz Scheduler (v2.1.5) 'DefaultQuartzScheduler' with instanceId 'NON_CLUSTERED'
  Scheduler class: 'org.quartz.core.QuartzScheduler' - running locally.
  NOT STARTED.
  Currently in standby mode.
  Number of jobs executed: 0
  Using thread pool 'org.quartz.simpl.SimpleThreadPool' - with 10 threads.
  Using job-store 'org.quartz.simpl.RAMJobStore' - which does not support persistence. and is not clustered.

INFO  [2014-05-07 02:10:21,062] org.quartz.impl.StdSchedulerFactory: Quartz scheduler 'DefaultQuartzScheduler' initialized from default resource file in Quartz package: 'quartz.properties'
INFO  [2014-05-07 02:10:21,062] org.quartz.impl.StdSchedulerFactory: Quartz scheduler version: 2.1.5
INFO  [2014-05-07 02:10:21,063] org.quartz.core.QuartzScheduler: Scheduler DefaultQuartzScheduler_$_NON_CLUSTERED started.
INFO  [2014-05-07 02:10:21,067] de.spinscale.dropwizard.jobs.JobManager: Jobs to run on application start: []
INFO  [2014-05-07 02:10:21,068] de.spinscale.dropwizard.jobs.JobManager: Jobs with @Every annotation: [class edu.sjsu.cmpe.voting.procurement.jobs.ProcurementSchedulerJob]
INFO  [2014-05-07 02:10:21,080] de.spinscale.dropwizard.jobs.JobManager: Jobs with @On annotation: []
INFO  [2014-05-07 02:10:21,116] org.eclipse.jetty.server.AbstractConnector: Started InstrumentedBlockingChannelConnector@0.0.0.0:9080
INFO  [2014-05-07 02:10:21,124] org.eclipse.jetty.server.AbstractConnector: Started SocketConnector@0.0.0.0:9081
INFO  [2014-05-07 02:10:34,498] org.eclipse.jetty.server.Server: Graceful shutdown SocketConnector@0.0.0.0:9081
INFO  [2014-05-07 02:10:34,499] org.eclipse.jetty.server.Server: Graceful shutdown InstrumentedBlockingChannelConnector@0.0.0.0:9080
INFO  [2014-05-07 02:10:34,500] org.eclipse.jetty.server.Server: Graceful shutdown o.e.j.s.ServletContextHandler{/,null}
INFO  [2014-05-07 02:10:34,500] org.eclipse.jetty.server.Server: Graceful shutdown o.e.j.s.ServletContextHandler{/,file:/Users/minu/Documents/workspace-sts-3.4.0.RELEASE/voting-procurement-service/target/classes/}
INFO  [2014-05-07 02:10:36,554] org.eclipse.jetty.server.handler.ContextHandler: stopped o.e.j.s.ServletContextHandler{/,file:/Users/minu/Documents/workspace-sts-3.4.0.RELEASE/voting-procurement-service/target/classes/}
INFO  [2014-05-07 02:10:36,554] org.eclipse.jetty.server.handler.ContextHandler: stopped o.e.j.s.ServletContextHandler{/,null}
INFO  [2014-05-07 02:10:36,656] org.quartz.core.QuartzScheduler: Scheduler DefaultQuartzScheduler_$_NON_CLUSTERED shutting down.
INFO  [2014-05-07 02:10:36,656] org.quartz.core.QuartzScheduler: Scheduler DefaultQuartzScheduler_$_NON_CLUSTERED paused.
INFO  [2014-05-07 02:10:37,129] org.quartz.core.QuartzScheduler: Scheduler DefaultQuartzScheduler_$_NON_CLUSTERED shutdown complete.
INFO  [2014-05-07 02:26:15,617] org.reflections.Reflections: Reflections took 108 ms to scan 1 urls, producing 2 keys and 2 values 
WARN  [2014-05-07 02:26:16,195] com.yammer.dropwizard.config.ServerFactory: 
!!!!!!!!!!!!!!!!!!!!!!!!!!!!!!!!!!!!!!!!!!!!!!!!!!!!!!!!!!!!!!!!!!!!!!!!!!!!!!!!
!!!!!!!!!!!!!!!!!!!!!!!!!!!!!!!!!!!!!!!!!!!!!!!!!!!!!!!!!!!!!!!!!!!!!!!!!!!!!!!!
!    THIS SERVICE HAS NO HEALTHCHECKS. THIS MEANS YOU WILL NEVER KNOW IF IT    !
!    DIES IN PRODUCTION, WHICH MEANS YOU WILL NEVER KNOW IF YOU'RE LETTING     !
!     YOUR USERS DOWN. YOU SHOULD ADD A HEALTHCHECK FOR EACH DEPENDENCY OF     !
!     YOUR SERVICE WHICH FULLY (BUT LIGHTLY) TESTS YOUR SERVICE'S ABILITY TO   !
!      USE THAT SERVICE. THINK OF IT AS A CONTINUOUS INTEGRATION TEST.         !
!!!!!!!!!!!!!!!!!!!!!!!!!!!!!!!!!!!!!!!!!!!!!!!!!!!!!!!!!!!!!!!!!!!!!!!!!!!!!!!!
!!!!!!!!!!!!!!!!!!!!!!!!!!!!!!!!!!!!!!!!!!!!!!!!!!!!!!!!!!!!!!!!!!!!!!!!!!!!!!!!
INFO  [2014-05-07 02:26:16,274] com.yammer.dropwizard.cli.ServerCommand: Starting procurement-service
INFO  [2014-05-07 02:26:16,277] org.eclipse.jetty.server.Server: jetty-8.1.10.v20130312
INFO  [2014-05-07 02:26:16,374] com.sun.jersey.server.impl.application.WebApplicationImpl: Initiating Jersey application, version 'Jersey: 1.17.1 02/28/2013 12:47 PM'
INFO  [2014-05-07 02:26:16,403] com.yammer.dropwizard.config.Environment: The following paths were found for the configured resources:

    GET     / (edu.sjsu.cmpe.voting.procurement.api.resources.RootResource)

INFO  [2014-05-07 02:26:16,403] com.yammer.dropwizard.config.Environment: tasks = 

    POST    /tasks/gc (com.yammer.dropwizard.tasks.GarbageCollectionTask)

INFO  [2014-05-07 02:26:16,658] org.quartz.impl.StdSchedulerFactory: Using default implementation for ThreadExecutor
INFO  [2014-05-07 02:26:16,662] org.quartz.simpl.SimpleThreadPool: Job execution threads will use class loader of thread: main
INFO  [2014-05-07 02:26:16,686] org.quartz.core.SchedulerSignalerImpl: Initialized Scheduler Signaller of type: class org.quartz.core.SchedulerSignalerImpl
INFO  [2014-05-07 02:26:16,688] org.quartz.core.QuartzScheduler: Quartz Scheduler v.2.1.5 created.
INFO  [2014-05-07 02:26:16,690] org.quartz.simpl.RAMJobStore: RAMJobStore initialized.
INFO  [2014-05-07 02:26:16,691] org.quartz.core.QuartzScheduler: Scheduler meta-data: Quartz Scheduler (v2.1.5) 'DefaultQuartzScheduler' with instanceId 'NON_CLUSTERED'
  Scheduler class: 'org.quartz.core.QuartzScheduler' - running locally.
  NOT STARTED.
  Currently in standby mode.
  Number of jobs executed: 0
  Using thread pool 'org.quartz.simpl.SimpleThreadPool' - with 10 threads.
  Using job-store 'org.quartz.simpl.RAMJobStore' - which does not support persistence. and is not clustered.

INFO  [2014-05-07 02:26:16,691] org.quartz.impl.StdSchedulerFactory: Quartz scheduler 'DefaultQuartzScheduler' initialized from default resource file in Quartz package: 'quartz.properties'
INFO  [2014-05-07 02:26:16,691] org.quartz.impl.StdSchedulerFactory: Quartz scheduler version: 2.1.5
INFO  [2014-05-07 02:26:16,691] org.quartz.core.QuartzScheduler: Scheduler DefaultQuartzScheduler_$_NON_CLUSTERED started.
INFO  [2014-05-07 02:26:16,695] de.spinscale.dropwizard.jobs.JobManager: Jobs to run on application start: []
INFO  [2014-05-07 02:26:16,697] de.spinscale.dropwizard.jobs.JobManager: Jobs with @Every annotation: [class edu.sjsu.cmpe.voting.procurement.jobs.ProcurementSchedulerJob]
INFO  [2014-05-07 02:26:16,714] de.spinscale.dropwizard.jobs.JobManager: Jobs with @On annotation: []
INFO  [2014-05-07 02:26:16,744] org.eclipse.jetty.server.AbstractConnector: Started InstrumentedBlockingChannelConnector@0.0.0.0:9080
INFO  [2014-05-07 02:26:16,750] org.eclipse.jetty.server.AbstractConnector: Started SocketConnector@0.0.0.0:9081
INFO  [2014-05-07 02:26:30,247] org.eclipse.jetty.server.Server: Graceful shutdown SocketConnector@0.0.0.0:9081
INFO  [2014-05-07 02:26:30,247] org.eclipse.jetty.server.Server: Graceful shutdown InstrumentedBlockingChannelConnector@0.0.0.0:9080
INFO  [2014-05-07 02:26:30,248] org.eclipse.jetty.server.Server: Graceful shutdown o.e.j.s.ServletContextHandler{/,null}
INFO  [2014-05-07 02:26:30,248] org.eclipse.jetty.server.Server: Graceful shutdown o.e.j.s.ServletContextHandler{/,file:/Users/minu/Documents/workspace-sts-3.4.0.RELEASE/voting-procurement-service/target/classes/}
INFO  [2014-05-07 02:26:32,301] org.eclipse.jetty.server.handler.ContextHandler: stopped o.e.j.s.ServletContextHandler{/,file:/Users/minu/Documents/workspace-sts-3.4.0.RELEASE/voting-procurement-service/target/classes/}
INFO  [2014-05-07 02:26:32,301] org.eclipse.jetty.server.handler.ContextHandler: stopped o.e.j.s.ServletContextHandler{/,null}
INFO  [2014-05-07 02:26:32,404] org.quartz.core.QuartzScheduler: Scheduler DefaultQuartzScheduler_$_NON_CLUSTERED shutting down.
INFO  [2014-05-07 02:26:32,405] org.quartz.core.QuartzScheduler: Scheduler DefaultQuartzScheduler_$_NON_CLUSTERED paused.
INFO  [2014-05-07 02:26:32,753] org.quartz.core.QuartzScheduler: Scheduler DefaultQuartzScheduler_$_NON_CLUSTERED shutdown complete.
INFO  [2014-05-07 02:34:14,603] org.reflections.Reflections: Reflections took 99 ms to scan 1 urls, producing 2 keys and 2 values 
WARN  [2014-05-07 02:34:15,193] com.yammer.dropwizard.config.ServerFactory: 
!!!!!!!!!!!!!!!!!!!!!!!!!!!!!!!!!!!!!!!!!!!!!!!!!!!!!!!!!!!!!!!!!!!!!!!!!!!!!!!!
!!!!!!!!!!!!!!!!!!!!!!!!!!!!!!!!!!!!!!!!!!!!!!!!!!!!!!!!!!!!!!!!!!!!!!!!!!!!!!!!
!    THIS SERVICE HAS NO HEALTHCHECKS. THIS MEANS YOU WILL NEVER KNOW IF IT    !
!    DIES IN PRODUCTION, WHICH MEANS YOU WILL NEVER KNOW IF YOU'RE LETTING     !
!     YOUR USERS DOWN. YOU SHOULD ADD A HEALTHCHECK FOR EACH DEPENDENCY OF     !
!     YOUR SERVICE WHICH FULLY (BUT LIGHTLY) TESTS YOUR SERVICE'S ABILITY TO   !
!      USE THAT SERVICE. THINK OF IT AS A CONTINUOUS INTEGRATION TEST.         !
!!!!!!!!!!!!!!!!!!!!!!!!!!!!!!!!!!!!!!!!!!!!!!!!!!!!!!!!!!!!!!!!!!!!!!!!!!!!!!!!
!!!!!!!!!!!!!!!!!!!!!!!!!!!!!!!!!!!!!!!!!!!!!!!!!!!!!!!!!!!!!!!!!!!!!!!!!!!!!!!!
INFO  [2014-05-07 02:34:15,274] com.yammer.dropwizard.cli.ServerCommand: Starting procurement-service
INFO  [2014-05-07 02:34:15,277] org.eclipse.jetty.server.Server: jetty-8.1.10.v20130312
INFO  [2014-05-07 02:34:15,384] com.sun.jersey.server.impl.application.WebApplicationImpl: Initiating Jersey application, version 'Jersey: 1.17.1 02/28/2013 12:47 PM'
INFO  [2014-05-07 02:34:15,421] com.yammer.dropwizard.config.Environment: The following paths were found for the configured resources:

    GET     / (edu.sjsu.cmpe.voting.procurement.api.resources.RootResource)

INFO  [2014-05-07 02:34:15,422] com.yammer.dropwizard.config.Environment: tasks = 

    POST    /tasks/gc (com.yammer.dropwizard.tasks.GarbageCollectionTask)

INFO  [2014-05-07 02:34:15,660] org.quartz.impl.StdSchedulerFactory: Using default implementation for ThreadExecutor
INFO  [2014-05-07 02:34:15,664] org.quartz.simpl.SimpleThreadPool: Job execution threads will use class loader of thread: main
INFO  [2014-05-07 02:34:15,687] org.quartz.core.SchedulerSignalerImpl: Initialized Scheduler Signaller of type: class org.quartz.core.SchedulerSignalerImpl
INFO  [2014-05-07 02:34:15,688] org.quartz.core.QuartzScheduler: Quartz Scheduler v.2.1.5 created.
INFO  [2014-05-07 02:34:15,690] org.quartz.simpl.RAMJobStore: RAMJobStore initialized.
INFO  [2014-05-07 02:34:15,692] org.quartz.core.QuartzScheduler: Scheduler meta-data: Quartz Scheduler (v2.1.5) 'DefaultQuartzScheduler' with instanceId 'NON_CLUSTERED'
  Scheduler class: 'org.quartz.core.QuartzScheduler' - running locally.
  NOT STARTED.
  Currently in standby mode.
  Number of jobs executed: 0
  Using thread pool 'org.quartz.simpl.SimpleThreadPool' - with 10 threads.
  Using job-store 'org.quartz.simpl.RAMJobStore' - which does not support persistence. and is not clustered.

INFO  [2014-05-07 02:34:15,692] org.quartz.impl.StdSchedulerFactory: Quartz scheduler 'DefaultQuartzScheduler' initialized from default resource file in Quartz package: 'quartz.properties'
INFO  [2014-05-07 02:34:15,692] org.quartz.impl.StdSchedulerFactory: Quartz scheduler version: 2.1.5
INFO  [2014-05-07 02:34:15,692] org.quartz.core.QuartzScheduler: Scheduler DefaultQuartzScheduler_$_NON_CLUSTERED started.
INFO  [2014-05-07 02:34:15,696] de.spinscale.dropwizard.jobs.JobManager: Jobs to run on application start: []
INFO  [2014-05-07 02:34:15,697] de.spinscale.dropwizard.jobs.JobManager: Jobs with @Every annotation: [class edu.sjsu.cmpe.voting.procurement.jobs.ProcurementSchedulerJob]
INFO  [2014-05-07 02:34:15,713] de.spinscale.dropwizard.jobs.JobManager: Jobs with @On annotation: []
INFO  [2014-05-07 02:34:15,746] org.eclipse.jetty.server.AbstractConnector: Started InstrumentedBlockingChannelConnector@0.0.0.0:9080
INFO  [2014-05-07 02:34:15,752] org.eclipse.jetty.server.AbstractConnector: Started SocketConnector@0.0.0.0:9081
INFO  [2014-05-07 02:34:36,493] org.eclipse.jetty.server.Server: Graceful shutdown SocketConnector@0.0.0.0:9081
INFO  [2014-05-07 02:34:36,494] org.eclipse.jetty.server.Server: Graceful shutdown InstrumentedBlockingChannelConnector@0.0.0.0:9080
INFO  [2014-05-07 02:34:36,494] org.eclipse.jetty.server.Server: Graceful shutdown o.e.j.s.ServletContextHandler{/,null}
INFO  [2014-05-07 02:34:36,494] org.eclipse.jetty.server.Server: Graceful shutdown o.e.j.s.ServletContextHandler{/,file:/Users/minu/Documents/workspace-sts-3.4.0.RELEASE/voting-procurement-service/target/classes/}
INFO  [2014-05-07 02:34:38,548] org.eclipse.jetty.server.handler.ContextHandler: stopped o.e.j.s.ServletContextHandler{/,file:/Users/minu/Documents/workspace-sts-3.4.0.RELEASE/voting-procurement-service/target/classes/}
INFO  [2014-05-07 02:34:38,549] org.eclipse.jetty.server.handler.ContextHandler: stopped o.e.j.s.ServletContextHandler{/,null}
INFO  [2014-05-07 02:34:38,652] org.quartz.core.QuartzScheduler: Scheduler DefaultQuartzScheduler_$_NON_CLUSTERED shutting down.
INFO  [2014-05-07 02:34:38,652] org.quartz.core.QuartzScheduler: Scheduler DefaultQuartzScheduler_$_NON_CLUSTERED paused.
INFO  [2014-05-07 02:34:39,062] org.quartz.core.QuartzScheduler: Scheduler DefaultQuartzScheduler_$_NON_CLUSTERED shutdown complete.
INFO  [2014-05-07 02:42:48,316] org.reflections.Reflections: Reflections took 99 ms to scan 1 urls, producing 2 keys and 2 values 
WARN  [2014-05-07 02:42:48,879] com.yammer.dropwizard.config.ServerFactory: 
!!!!!!!!!!!!!!!!!!!!!!!!!!!!!!!!!!!!!!!!!!!!!!!!!!!!!!!!!!!!!!!!!!!!!!!!!!!!!!!!
!!!!!!!!!!!!!!!!!!!!!!!!!!!!!!!!!!!!!!!!!!!!!!!!!!!!!!!!!!!!!!!!!!!!!!!!!!!!!!!!
!    THIS SERVICE HAS NO HEALTHCHECKS. THIS MEANS YOU WILL NEVER KNOW IF IT    !
!    DIES IN PRODUCTION, WHICH MEANS YOU WILL NEVER KNOW IF YOU'RE LETTING     !
!     YOUR USERS DOWN. YOU SHOULD ADD A HEALTHCHECK FOR EACH DEPENDENCY OF     !
!     YOUR SERVICE WHICH FULLY (BUT LIGHTLY) TESTS YOUR SERVICE'S ABILITY TO   !
!      USE THAT SERVICE. THINK OF IT AS A CONTINUOUS INTEGRATION TEST.         !
!!!!!!!!!!!!!!!!!!!!!!!!!!!!!!!!!!!!!!!!!!!!!!!!!!!!!!!!!!!!!!!!!!!!!!!!!!!!!!!!
!!!!!!!!!!!!!!!!!!!!!!!!!!!!!!!!!!!!!!!!!!!!!!!!!!!!!!!!!!!!!!!!!!!!!!!!!!!!!!!!
INFO  [2014-05-07 02:42:48,957] com.yammer.dropwizard.cli.ServerCommand: Starting procurement-service
INFO  [2014-05-07 02:42:48,959] org.eclipse.jetty.server.Server: jetty-8.1.10.v20130312
INFO  [2014-05-07 02:42:49,070] com.sun.jersey.server.impl.application.WebApplicationImpl: Initiating Jersey application, version 'Jersey: 1.17.1 02/28/2013 12:47 PM'
INFO  [2014-05-07 02:42:49,101] com.yammer.dropwizard.config.Environment: The following paths were found for the configured resources:

    GET     / (edu.sjsu.cmpe.voting.procurement.api.resources.RootResource)

INFO  [2014-05-07 02:42:49,101] com.yammer.dropwizard.config.Environment: tasks = 

    POST    /tasks/gc (com.yammer.dropwizard.tasks.GarbageCollectionTask)

INFO  [2014-05-07 02:42:49,355] org.quartz.impl.StdSchedulerFactory: Using default implementation for ThreadExecutor
INFO  [2014-05-07 02:42:49,360] org.quartz.simpl.SimpleThreadPool: Job execution threads will use class loader of thread: main
INFO  [2014-05-07 02:42:49,389] org.quartz.core.SchedulerSignalerImpl: Initialized Scheduler Signaller of type: class org.quartz.core.SchedulerSignalerImpl
INFO  [2014-05-07 02:42:49,391] org.quartz.core.QuartzScheduler: Quartz Scheduler v.2.1.5 created.
INFO  [2014-05-07 02:42:49,393] org.quartz.simpl.RAMJobStore: RAMJobStore initialized.
INFO  [2014-05-07 02:42:49,394] org.quartz.core.QuartzScheduler: Scheduler meta-data: Quartz Scheduler (v2.1.5) 'DefaultQuartzScheduler' with instanceId 'NON_CLUSTERED'
  Scheduler class: 'org.quartz.core.QuartzScheduler' - running locally.
  NOT STARTED.
  Currently in standby mode.
  Number of jobs executed: 0
  Using thread pool 'org.quartz.simpl.SimpleThreadPool' - with 10 threads.
  Using job-store 'org.quartz.simpl.RAMJobStore' - which does not support persistence. and is not clustered.

INFO  [2014-05-07 02:42:49,394] org.quartz.impl.StdSchedulerFactory: Quartz scheduler 'DefaultQuartzScheduler' initialized from default resource file in Quartz package: 'quartz.properties'
INFO  [2014-05-07 02:42:49,394] org.quartz.impl.StdSchedulerFactory: Quartz scheduler version: 2.1.5
INFO  [2014-05-07 02:42:49,395] org.quartz.core.QuartzScheduler: Scheduler DefaultQuartzScheduler_$_NON_CLUSTERED started.
INFO  [2014-05-07 02:42:49,399] de.spinscale.dropwizard.jobs.JobManager: Jobs to run on application start: []
INFO  [2014-05-07 02:42:49,400] de.spinscale.dropwizard.jobs.JobManager: Jobs with @Every annotation: [class edu.sjsu.cmpe.voting.procurement.jobs.ProcurementSchedulerJob]
INFO  [2014-05-07 02:42:49,416] de.spinscale.dropwizard.jobs.JobManager: Jobs with @On annotation: []
INFO  [2014-05-07 02:42:49,446] org.eclipse.jetty.server.AbstractConnector: Started InstrumentedBlockingChannelConnector@0.0.0.0:9080
INFO  [2014-05-07 02:42:49,453] org.eclipse.jetty.server.AbstractConnector: Started SocketConnector@0.0.0.0:9081
INFO  [2014-05-07 02:42:57,817] org.eclipse.jetty.server.Server: Graceful shutdown SocketConnector@0.0.0.0:9081
INFO  [2014-05-07 02:42:57,818] org.eclipse.jetty.server.Server: Graceful shutdown InstrumentedBlockingChannelConnector@0.0.0.0:9080
INFO  [2014-05-07 02:42:57,820] org.eclipse.jetty.server.Server: Graceful shutdown o.e.j.s.ServletContextHandler{/,null}
INFO  [2014-05-07 02:42:57,820] org.eclipse.jetty.server.Server: Graceful shutdown o.e.j.s.ServletContextHandler{/,file:/Users/minu/Documents/workspace-sts-3.4.0.RELEASE/voting-procurement-service/target/classes/}
INFO  [2014-05-07 02:42:59,873] org.eclipse.jetty.server.handler.ContextHandler: stopped o.e.j.s.ServletContextHandler{/,file:/Users/minu/Documents/workspace-sts-3.4.0.RELEASE/voting-procurement-service/target/classes/}
INFO  [2014-05-07 02:42:59,873] org.eclipse.jetty.server.handler.ContextHandler: stopped o.e.j.s.ServletContextHandler{/,null}
INFO  [2014-05-07 02:42:59,977] org.quartz.core.QuartzScheduler: Scheduler DefaultQuartzScheduler_$_NON_CLUSTERED shutting down.
INFO  [2014-05-07 02:42:59,977] org.quartz.core.QuartzScheduler: Scheduler DefaultQuartzScheduler_$_NON_CLUSTERED paused.
INFO  [2014-05-07 02:43:00,449] org.quartz.core.QuartzScheduler: Scheduler DefaultQuartzScheduler_$_NON_CLUSTERED shutdown complete.
INFO  [2014-05-07 02:44:42,694] org.reflections.Reflections: Reflections took 102 ms to scan 1 urls, producing 2 keys and 2 values 
WARN  [2014-05-07 02:44:43,324] com.yammer.dropwizard.config.ServerFactory: 
!!!!!!!!!!!!!!!!!!!!!!!!!!!!!!!!!!!!!!!!!!!!!!!!!!!!!!!!!!!!!!!!!!!!!!!!!!!!!!!!
!!!!!!!!!!!!!!!!!!!!!!!!!!!!!!!!!!!!!!!!!!!!!!!!!!!!!!!!!!!!!!!!!!!!!!!!!!!!!!!!
!    THIS SERVICE HAS NO HEALTHCHECKS. THIS MEANS YOU WILL NEVER KNOW IF IT    !
!    DIES IN PRODUCTION, WHICH MEANS YOU WILL NEVER KNOW IF YOU'RE LETTING     !
!     YOUR USERS DOWN. YOU SHOULD ADD A HEALTHCHECK FOR EACH DEPENDENCY OF     !
!     YOUR SERVICE WHICH FULLY (BUT LIGHTLY) TESTS YOUR SERVICE'S ABILITY TO   !
!      USE THAT SERVICE. THINK OF IT AS A CONTINUOUS INTEGRATION TEST.         !
!!!!!!!!!!!!!!!!!!!!!!!!!!!!!!!!!!!!!!!!!!!!!!!!!!!!!!!!!!!!!!!!!!!!!!!!!!!!!!!!
!!!!!!!!!!!!!!!!!!!!!!!!!!!!!!!!!!!!!!!!!!!!!!!!!!!!!!!!!!!!!!!!!!!!!!!!!!!!!!!!
INFO  [2014-05-07 02:44:43,396] com.yammer.dropwizard.cli.ServerCommand: Starting procurement-service
INFO  [2014-05-07 02:44:43,398] org.eclipse.jetty.server.Server: jetty-8.1.10.v20130312
INFO  [2014-05-07 02:44:43,501] com.sun.jersey.server.impl.application.WebApplicationImpl: Initiating Jersey application, version 'Jersey: 1.17.1 02/28/2013 12:47 PM'
INFO  [2014-05-07 02:44:43,528] com.yammer.dropwizard.config.Environment: The following paths were found for the configured resources:

    GET     / (edu.sjsu.cmpe.voting.procurement.api.resources.RootResource)

INFO  [2014-05-07 02:44:43,528] com.yammer.dropwizard.config.Environment: tasks = 

    POST    /tasks/gc (com.yammer.dropwizard.tasks.GarbageCollectionTask)

INFO  [2014-05-07 02:44:43,769] org.quartz.impl.StdSchedulerFactory: Using default implementation for ThreadExecutor
INFO  [2014-05-07 02:44:43,774] org.quartz.simpl.SimpleThreadPool: Job execution threads will use class loader of thread: main
INFO  [2014-05-07 02:44:43,798] org.quartz.core.SchedulerSignalerImpl: Initialized Scheduler Signaller of type: class org.quartz.core.SchedulerSignalerImpl
INFO  [2014-05-07 02:44:43,800] org.quartz.core.QuartzScheduler: Quartz Scheduler v.2.1.5 created.
INFO  [2014-05-07 02:44:43,802] org.quartz.simpl.RAMJobStore: RAMJobStore initialized.
INFO  [2014-05-07 02:44:43,803] org.quartz.core.QuartzScheduler: Scheduler meta-data: Quartz Scheduler (v2.1.5) 'DefaultQuartzScheduler' with instanceId 'NON_CLUSTERED'
  Scheduler class: 'org.quartz.core.QuartzScheduler' - running locally.
  NOT STARTED.
  Currently in standby mode.
  Number of jobs executed: 0
  Using thread pool 'org.quartz.simpl.SimpleThreadPool' - with 10 threads.
  Using job-store 'org.quartz.simpl.RAMJobStore' - which does not support persistence. and is not clustered.

INFO  [2014-05-07 02:44:43,803] org.quartz.impl.StdSchedulerFactory: Quartz scheduler 'DefaultQuartzScheduler' initialized from default resource file in Quartz package: 'quartz.properties'
INFO  [2014-05-07 02:44:43,803] org.quartz.impl.StdSchedulerFactory: Quartz scheduler version: 2.1.5
INFO  [2014-05-07 02:44:43,803] org.quartz.core.QuartzScheduler: Scheduler DefaultQuartzScheduler_$_NON_CLUSTERED started.
INFO  [2014-05-07 02:44:43,807] de.spinscale.dropwizard.jobs.JobManager: Jobs to run on application start: []
INFO  [2014-05-07 02:44:43,808] de.spinscale.dropwizard.jobs.JobManager: Jobs with @Every annotation: [class edu.sjsu.cmpe.voting.procurement.jobs.ProcurementSchedulerJob]
INFO  [2014-05-07 02:44:43,825] de.spinscale.dropwizard.jobs.JobManager: Jobs with @On annotation: []
INFO  [2014-05-07 02:44:43,854] org.eclipse.jetty.server.AbstractConnector: Started InstrumentedBlockingChannelConnector@0.0.0.0:9080
INFO  [2014-05-07 02:44:43,860] org.eclipse.jetty.server.AbstractConnector: Started SocketConnector@0.0.0.0:9081
INFO  [2014-05-07 02:45:01,424] org.eclipse.jetty.server.Server: Graceful shutdown SocketConnector@0.0.0.0:9081
INFO  [2014-05-07 02:45:01,425] org.eclipse.jetty.server.Server: Graceful shutdown InstrumentedBlockingChannelConnector@0.0.0.0:9080
INFO  [2014-05-07 02:45:01,425] org.eclipse.jetty.server.Server: Graceful shutdown o.e.j.s.ServletContextHandler{/,null}
INFO  [2014-05-07 02:45:01,425] org.eclipse.jetty.server.Server: Graceful shutdown o.e.j.s.ServletContextHandler{/,file:/Users/minu/Documents/workspace-sts-3.4.0.RELEASE/voting-procurement-service/target/classes/}
INFO  [2014-05-07 02:45:03,480] org.eclipse.jetty.server.handler.ContextHandler: stopped o.e.j.s.ServletContextHandler{/,file:/Users/minu/Documents/workspace-sts-3.4.0.RELEASE/voting-procurement-service/target/classes/}
INFO  [2014-05-07 02:45:03,480] org.eclipse.jetty.server.handler.ContextHandler: stopped o.e.j.s.ServletContextHandler{/,null}
INFO  [2014-05-07 02:45:03,584] org.quartz.core.QuartzScheduler: Scheduler DefaultQuartzScheduler_$_NON_CLUSTERED shutting down.
INFO  [2014-05-07 02:45:03,584] org.quartz.core.QuartzScheduler: Scheduler DefaultQuartzScheduler_$_NON_CLUSTERED paused.
INFO  [2014-05-07 02:45:03,879] org.quartz.core.QuartzScheduler: Scheduler DefaultQuartzScheduler_$_NON_CLUSTERED shutdown complete.
INFO  [2014-05-07 02:45:20,801] org.reflections.Reflections: Reflections took 87 ms to scan 1 urls, producing 2 keys and 2 values 
WARN  [2014-05-07 02:45:21,338] com.yammer.dropwizard.config.ServerFactory: 
!!!!!!!!!!!!!!!!!!!!!!!!!!!!!!!!!!!!!!!!!!!!!!!!!!!!!!!!!!!!!!!!!!!!!!!!!!!!!!!!
!!!!!!!!!!!!!!!!!!!!!!!!!!!!!!!!!!!!!!!!!!!!!!!!!!!!!!!!!!!!!!!!!!!!!!!!!!!!!!!!
!    THIS SERVICE HAS NO HEALTHCHECKS. THIS MEANS YOU WILL NEVER KNOW IF IT    !
!    DIES IN PRODUCTION, WHICH MEANS YOU WILL NEVER KNOW IF YOU'RE LETTING     !
!     YOUR USERS DOWN. YOU SHOULD ADD A HEALTHCHECK FOR EACH DEPENDENCY OF     !
!     YOUR SERVICE WHICH FULLY (BUT LIGHTLY) TESTS YOUR SERVICE'S ABILITY TO   !
!      USE THAT SERVICE. THINK OF IT AS A CONTINUOUS INTEGRATION TEST.         !
!!!!!!!!!!!!!!!!!!!!!!!!!!!!!!!!!!!!!!!!!!!!!!!!!!!!!!!!!!!!!!!!!!!!!!!!!!!!!!!!
!!!!!!!!!!!!!!!!!!!!!!!!!!!!!!!!!!!!!!!!!!!!!!!!!!!!!!!!!!!!!!!!!!!!!!!!!!!!!!!!
INFO  [2014-05-07 02:45:21,413] com.yammer.dropwizard.cli.ServerCommand: Starting procurement-service
INFO  [2014-05-07 02:45:21,415] org.eclipse.jetty.server.Server: jetty-8.1.10.v20130312
INFO  [2014-05-07 02:45:21,516] com.sun.jersey.server.impl.application.WebApplicationImpl: Initiating Jersey application, version 'Jersey: 1.17.1 02/28/2013 12:47 PM'
INFO  [2014-05-07 02:45:21,564] com.yammer.dropwizard.config.Environment: The following paths were found for the configured resources:

    GET     / (edu.sjsu.cmpe.voting.procurement.api.resources.RootResource)

INFO  [2014-05-07 02:45:21,564] com.yammer.dropwizard.config.Environment: tasks = 

    POST    /tasks/gc (com.yammer.dropwizard.tasks.GarbageCollectionTask)

INFO  [2014-05-07 02:45:21,794] org.quartz.impl.StdSchedulerFactory: Using default implementation for ThreadExecutor
INFO  [2014-05-07 02:45:21,798] org.quartz.simpl.SimpleThreadPool: Job execution threads will use class loader of thread: main
INFO  [2014-05-07 02:45:21,813] org.quartz.core.SchedulerSignalerImpl: Initialized Scheduler Signaller of type: class org.quartz.core.SchedulerSignalerImpl
INFO  [2014-05-07 02:45:21,815] org.quartz.core.QuartzScheduler: Quartz Scheduler v.2.1.5 created.
INFO  [2014-05-07 02:45:21,816] org.quartz.simpl.RAMJobStore: RAMJobStore initialized.
INFO  [2014-05-07 02:45:21,817] org.quartz.core.QuartzScheduler: Scheduler meta-data: Quartz Scheduler (v2.1.5) 'DefaultQuartzScheduler' with instanceId 'NON_CLUSTERED'
  Scheduler class: 'org.quartz.core.QuartzScheduler' - running locally.
  NOT STARTED.
  Currently in standby mode.
  Number of jobs executed: 0
  Using thread pool 'org.quartz.simpl.SimpleThreadPool' - with 10 threads.
  Using job-store 'org.quartz.simpl.RAMJobStore' - which does not support persistence. and is not clustered.

INFO  [2014-05-07 02:45:21,817] org.quartz.impl.StdSchedulerFactory: Quartz scheduler 'DefaultQuartzScheduler' initialized from default resource file in Quartz package: 'quartz.properties'
INFO  [2014-05-07 02:45:21,817] org.quartz.impl.StdSchedulerFactory: Quartz scheduler version: 2.1.5
INFO  [2014-05-07 02:45:21,817] org.quartz.core.QuartzScheduler: Scheduler DefaultQuartzScheduler_$_NON_CLUSTERED started.
INFO  [2014-05-07 02:45:21,821] de.spinscale.dropwizard.jobs.JobManager: Jobs to run on application start: []
INFO  [2014-05-07 02:45:21,822] de.spinscale.dropwizard.jobs.JobManager: Jobs with @Every annotation: [class edu.sjsu.cmpe.voting.procurement.jobs.ProcurementSchedulerJob]
INFO  [2014-05-07 02:45:21,838] de.spinscale.dropwizard.jobs.JobManager: Jobs with @On annotation: []
INFO  [2014-05-07 02:45:21,872] org.eclipse.jetty.server.AbstractConnector: Started InstrumentedBlockingChannelConnector@0.0.0.0:9080
INFO  [2014-05-07 02:45:21,879] org.eclipse.jetty.server.AbstractConnector: Started SocketConnector@0.0.0.0:9081
INFO  [2014-05-07 02:45:41,356] org.eclipse.jetty.server.Server: Graceful shutdown SocketConnector@0.0.0.0:9081
INFO  [2014-05-07 02:45:41,357] org.eclipse.jetty.server.Server: Graceful shutdown InstrumentedBlockingChannelConnector@0.0.0.0:9080
INFO  [2014-05-07 02:45:41,357] org.eclipse.jetty.server.Server: Graceful shutdown o.e.j.s.ServletContextHandler{/,null}
INFO  [2014-05-07 02:45:41,357] org.eclipse.jetty.server.Server: Graceful shutdown o.e.j.s.ServletContextHandler{/,file:/Users/minu/Documents/workspace-sts-3.4.0.RELEASE/voting-procurement-service/target/classes/}
INFO  [2014-05-07 02:45:43,411] org.eclipse.jetty.server.handler.ContextHandler: stopped o.e.j.s.ServletContextHandler{/,file:/Users/minu/Documents/workspace-sts-3.4.0.RELEASE/voting-procurement-service/target/classes/}
INFO  [2014-05-07 02:45:43,411] org.eclipse.jetty.server.handler.ContextHandler: stopped o.e.j.s.ServletContextHandler{/,null}
INFO  [2014-05-07 02:45:43,514] org.quartz.core.QuartzScheduler: Scheduler DefaultQuartzScheduler_$_NON_CLUSTERED shutting down.
INFO  [2014-05-07 02:45:43,515] org.quartz.core.QuartzScheduler: Scheduler DefaultQuartzScheduler_$_NON_CLUSTERED paused.
INFO  [2014-05-07 02:45:43,899] org.quartz.core.QuartzScheduler: Scheduler DefaultQuartzScheduler_$_NON_CLUSTERED shutdown complete.
INFO  [2014-05-07 02:48:29,164] org.reflections.Reflections: Reflections took 119 ms to scan 1 urls, producing 2 keys and 2 values 
WARN  [2014-05-07 02:48:29,872] com.yammer.dropwizard.config.ServerFactory: 
!!!!!!!!!!!!!!!!!!!!!!!!!!!!!!!!!!!!!!!!!!!!!!!!!!!!!!!!!!!!!!!!!!!!!!!!!!!!!!!!
!!!!!!!!!!!!!!!!!!!!!!!!!!!!!!!!!!!!!!!!!!!!!!!!!!!!!!!!!!!!!!!!!!!!!!!!!!!!!!!!
!    THIS SERVICE HAS NO HEALTHCHECKS. THIS MEANS YOU WILL NEVER KNOW IF IT    !
!    DIES IN PRODUCTION, WHICH MEANS YOU WILL NEVER KNOW IF YOU'RE LETTING     !
!     YOUR USERS DOWN. YOU SHOULD ADD A HEALTHCHECK FOR EACH DEPENDENCY OF     !
!     YOUR SERVICE WHICH FULLY (BUT LIGHTLY) TESTS YOUR SERVICE'S ABILITY TO   !
!      USE THAT SERVICE. THINK OF IT AS A CONTINUOUS INTEGRATION TEST.         !
!!!!!!!!!!!!!!!!!!!!!!!!!!!!!!!!!!!!!!!!!!!!!!!!!!!!!!!!!!!!!!!!!!!!!!!!!!!!!!!!
!!!!!!!!!!!!!!!!!!!!!!!!!!!!!!!!!!!!!!!!!!!!!!!!!!!!!!!!!!!!!!!!!!!!!!!!!!!!!!!!
INFO  [2014-05-07 02:48:29,948] com.yammer.dropwizard.cli.ServerCommand: Starting procurement-service
INFO  [2014-05-07 02:48:29,950] org.eclipse.jetty.server.Server: jetty-8.1.10.v20130312
INFO  [2014-05-07 02:48:30,060] com.sun.jersey.server.impl.application.WebApplicationImpl: Initiating Jersey application, version 'Jersey: 1.17.1 02/28/2013 12:47 PM'
INFO  [2014-05-07 02:48:30,099] com.yammer.dropwizard.config.Environment: The following paths were found for the configured resources:

    GET     / (edu.sjsu.cmpe.voting.procurement.api.resources.RootResource)

INFO  [2014-05-07 02:48:30,099] com.yammer.dropwizard.config.Environment: tasks = 

    POST    /tasks/gc (com.yammer.dropwizard.tasks.GarbageCollectionTask)

INFO  [2014-05-07 02:48:30,333] org.quartz.impl.StdSchedulerFactory: Using default implementation for ThreadExecutor
INFO  [2014-05-07 02:48:30,337] org.quartz.simpl.SimpleThreadPool: Job execution threads will use class loader of thread: main
INFO  [2014-05-07 02:48:30,353] org.quartz.core.SchedulerSignalerImpl: Initialized Scheduler Signaller of type: class org.quartz.core.SchedulerSignalerImpl
INFO  [2014-05-07 02:48:30,354] org.quartz.core.QuartzScheduler: Quartz Scheduler v.2.1.5 created.
INFO  [2014-05-07 02:48:30,355] org.quartz.simpl.RAMJobStore: RAMJobStore initialized.
INFO  [2014-05-07 02:48:30,356] org.quartz.core.QuartzScheduler: Scheduler meta-data: Quartz Scheduler (v2.1.5) 'DefaultQuartzScheduler' with instanceId 'NON_CLUSTERED'
  Scheduler class: 'org.quartz.core.QuartzScheduler' - running locally.
  NOT STARTED.
  Currently in standby mode.
  Number of jobs executed: 0
  Using thread pool 'org.quartz.simpl.SimpleThreadPool' - with 10 threads.
  Using job-store 'org.quartz.simpl.RAMJobStore' - which does not support persistence. and is not clustered.

INFO  [2014-05-07 02:48:30,356] org.quartz.impl.StdSchedulerFactory: Quartz scheduler 'DefaultQuartzScheduler' initialized from default resource file in Quartz package: 'quartz.properties'
INFO  [2014-05-07 02:48:30,356] org.quartz.impl.StdSchedulerFactory: Quartz scheduler version: 2.1.5
INFO  [2014-05-07 02:48:30,356] org.quartz.core.QuartzScheduler: Scheduler DefaultQuartzScheduler_$_NON_CLUSTERED started.
INFO  [2014-05-07 02:48:30,360] de.spinscale.dropwizard.jobs.JobManager: Jobs to run on application start: []
INFO  [2014-05-07 02:48:30,361] de.spinscale.dropwizard.jobs.JobManager: Jobs with @Every annotation: [class edu.sjsu.cmpe.voting.procurement.jobs.ProcurementSchedulerJob]
INFO  [2014-05-07 02:48:30,375] de.spinscale.dropwizard.jobs.JobManager: Jobs with @On annotation: []
INFO  [2014-05-07 02:48:30,410] org.eclipse.jetty.server.AbstractConnector: Started InstrumentedBlockingChannelConnector@0.0.0.0:9080
INFO  [2014-05-07 02:48:30,416] org.eclipse.jetty.server.AbstractConnector: Started SocketConnector@0.0.0.0:9081
INFO  [2014-05-07 02:48:53,264] org.eclipse.jetty.server.Server: Graceful shutdown SocketConnector@0.0.0.0:9081
INFO  [2014-05-07 02:48:53,264] org.eclipse.jetty.server.Server: Graceful shutdown InstrumentedBlockingChannelConnector@0.0.0.0:9080
INFO  [2014-05-07 02:48:53,265] org.eclipse.jetty.server.Server: Graceful shutdown o.e.j.s.ServletContextHandler{/,null}
INFO  [2014-05-07 02:48:53,265] org.eclipse.jetty.server.Server: Graceful shutdown o.e.j.s.ServletContextHandler{/,file:/Users/minu/Documents/workspace-sts-3.4.0.RELEASE/voting-procurement-service/target/classes/}
INFO  [2014-05-07 02:48:55,319] org.eclipse.jetty.server.handler.ContextHandler: stopped o.e.j.s.ServletContextHandler{/,file:/Users/minu/Documents/workspace-sts-3.4.0.RELEASE/voting-procurement-service/target/classes/}
INFO  [2014-05-07 02:48:55,320] org.eclipse.jetty.server.handler.ContextHandler: stopped o.e.j.s.ServletContextHandler{/,null}
INFO  [2014-05-07 02:48:55,423] org.quartz.core.QuartzScheduler: Scheduler DefaultQuartzScheduler_$_NON_CLUSTERED shutting down.
INFO  [2014-05-07 02:48:55,423] org.quartz.core.QuartzScheduler: Scheduler DefaultQuartzScheduler_$_NON_CLUSTERED paused.
INFO  [2014-05-07 02:48:55,923] org.quartz.core.QuartzScheduler: Scheduler DefaultQuartzScheduler_$_NON_CLUSTERED shutdown complete.
INFO  [2014-05-07 02:49:12,812] org.reflections.Reflections: Reflections took 84 ms to scan 1 urls, producing 2 keys and 2 values 
WARN  [2014-05-07 02:49:13,342] com.yammer.dropwizard.config.ServerFactory: 
!!!!!!!!!!!!!!!!!!!!!!!!!!!!!!!!!!!!!!!!!!!!!!!!!!!!!!!!!!!!!!!!!!!!!!!!!!!!!!!!
!!!!!!!!!!!!!!!!!!!!!!!!!!!!!!!!!!!!!!!!!!!!!!!!!!!!!!!!!!!!!!!!!!!!!!!!!!!!!!!!
!    THIS SERVICE HAS NO HEALTHCHECKS. THIS MEANS YOU WILL NEVER KNOW IF IT    !
!    DIES IN PRODUCTION, WHICH MEANS YOU WILL NEVER KNOW IF YOU'RE LETTING     !
!     YOUR USERS DOWN. YOU SHOULD ADD A HEALTHCHECK FOR EACH DEPENDENCY OF     !
!     YOUR SERVICE WHICH FULLY (BUT LIGHTLY) TESTS YOUR SERVICE'S ABILITY TO   !
!      USE THAT SERVICE. THINK OF IT AS A CONTINUOUS INTEGRATION TEST.         !
!!!!!!!!!!!!!!!!!!!!!!!!!!!!!!!!!!!!!!!!!!!!!!!!!!!!!!!!!!!!!!!!!!!!!!!!!!!!!!!!
!!!!!!!!!!!!!!!!!!!!!!!!!!!!!!!!!!!!!!!!!!!!!!!!!!!!!!!!!!!!!!!!!!!!!!!!!!!!!!!!
INFO  [2014-05-07 02:49:13,418] com.yammer.dropwizard.cli.ServerCommand: Starting procurement-service
INFO  [2014-05-07 02:49:13,420] org.eclipse.jetty.server.Server: jetty-8.1.10.v20130312
INFO  [2014-05-07 02:49:13,518] com.sun.jersey.server.impl.application.WebApplicationImpl: Initiating Jersey application, version 'Jersey: 1.17.1 02/28/2013 12:47 PM'
INFO  [2014-05-07 02:49:13,547] com.yammer.dropwizard.config.Environment: The following paths were found for the configured resources:

    GET     / (edu.sjsu.cmpe.voting.procurement.api.resources.RootResource)

INFO  [2014-05-07 02:49:13,547] com.yammer.dropwizard.config.Environment: tasks = 

    POST    /tasks/gc (com.yammer.dropwizard.tasks.GarbageCollectionTask)

INFO  [2014-05-07 02:49:13,782] org.quartz.impl.StdSchedulerFactory: Using default implementation for ThreadExecutor
INFO  [2014-05-07 02:49:13,785] org.quartz.simpl.SimpleThreadPool: Job execution threads will use class loader of thread: main
INFO  [2014-05-07 02:49:13,801] org.quartz.core.SchedulerSignalerImpl: Initialized Scheduler Signaller of type: class org.quartz.core.SchedulerSignalerImpl
INFO  [2014-05-07 02:49:13,803] org.quartz.core.QuartzScheduler: Quartz Scheduler v.2.1.5 created.
INFO  [2014-05-07 02:49:13,804] org.quartz.simpl.RAMJobStore: RAMJobStore initialized.
INFO  [2014-05-07 02:49:13,805] org.quartz.core.QuartzScheduler: Scheduler meta-data: Quartz Scheduler (v2.1.5) 'DefaultQuartzScheduler' with instanceId 'NON_CLUSTERED'
  Scheduler class: 'org.quartz.core.QuartzScheduler' - running locally.
  NOT STARTED.
  Currently in standby mode.
  Number of jobs executed: 0
  Using thread pool 'org.quartz.simpl.SimpleThreadPool' - with 10 threads.
  Using job-store 'org.quartz.simpl.RAMJobStore' - which does not support persistence. and is not clustered.

INFO  [2014-05-07 02:49:13,805] org.quartz.impl.StdSchedulerFactory: Quartz scheduler 'DefaultQuartzScheduler' initialized from default resource file in Quartz package: 'quartz.properties'
INFO  [2014-05-07 02:49:13,805] org.quartz.impl.StdSchedulerFactory: Quartz scheduler version: 2.1.5
INFO  [2014-05-07 02:49:13,805] org.quartz.core.QuartzScheduler: Scheduler DefaultQuartzScheduler_$_NON_CLUSTERED started.
INFO  [2014-05-07 02:49:13,811] de.spinscale.dropwizard.jobs.JobManager: Jobs to run on application start: []
INFO  [2014-05-07 02:49:13,812] de.spinscale.dropwizard.jobs.JobManager: Jobs with @Every annotation: [class edu.sjsu.cmpe.voting.procurement.jobs.ProcurementSchedulerJob]
INFO  [2014-05-07 02:49:13,825] de.spinscale.dropwizard.jobs.JobManager: Jobs with @On annotation: []
INFO  [2014-05-07 02:49:13,863] org.eclipse.jetty.server.AbstractConnector: Started InstrumentedBlockingChannelConnector@0.0.0.0:9080
INFO  [2014-05-07 02:49:13,869] org.eclipse.jetty.server.AbstractConnector: Started SocketConnector@0.0.0.0:9081
INFO  [2014-05-07 02:49:21,289] org.eclipse.jetty.server.Server: Graceful shutdown SocketConnector@0.0.0.0:9081
INFO  [2014-05-07 02:49:21,290] org.eclipse.jetty.server.Server: Graceful shutdown InstrumentedBlockingChannelConnector@0.0.0.0:9080
INFO  [2014-05-07 02:49:21,291] org.eclipse.jetty.server.Server: Graceful shutdown o.e.j.s.ServletContextHandler{/,null}
INFO  [2014-05-07 02:49:21,291] org.eclipse.jetty.server.Server: Graceful shutdown o.e.j.s.ServletContextHandler{/,file:/Users/minu/Documents/workspace-sts-3.4.0.RELEASE/voting-procurement-service/target/classes/}
INFO  [2014-05-07 02:49:23,345] org.eclipse.jetty.server.handler.ContextHandler: stopped o.e.j.s.ServletContextHandler{/,file:/Users/minu/Documents/workspace-sts-3.4.0.RELEASE/voting-procurement-service/target/classes/}
INFO  [2014-05-07 02:49:23,346] org.eclipse.jetty.server.handler.ContextHandler: stopped o.e.j.s.ServletContextHandler{/,null}
INFO  [2014-05-07 02:49:23,447] org.quartz.core.QuartzScheduler: Scheduler DefaultQuartzScheduler_$_NON_CLUSTERED shutting down.
INFO  [2014-05-07 02:49:23,448] org.quartz.core.QuartzScheduler: Scheduler DefaultQuartzScheduler_$_NON_CLUSTERED paused.
INFO  [2014-05-07 02:49:23,870] org.quartz.core.QuartzScheduler: Scheduler DefaultQuartzScheduler_$_NON_CLUSTERED shutdown complete.
INFO  [2014-05-07 02:49:41,795] org.reflections.Reflections: Reflections took 85 ms to scan 1 urls, producing 2 keys and 2 values 
WARN  [2014-05-07 02:49:42,370] com.yammer.dropwizard.config.ServerFactory: 
!!!!!!!!!!!!!!!!!!!!!!!!!!!!!!!!!!!!!!!!!!!!!!!!!!!!!!!!!!!!!!!!!!!!!!!!!!!!!!!!
!!!!!!!!!!!!!!!!!!!!!!!!!!!!!!!!!!!!!!!!!!!!!!!!!!!!!!!!!!!!!!!!!!!!!!!!!!!!!!!!
!    THIS SERVICE HAS NO HEALTHCHECKS. THIS MEANS YOU WILL NEVER KNOW IF IT    !
!    DIES IN PRODUCTION, WHICH MEANS YOU WILL NEVER KNOW IF YOU'RE LETTING     !
!     YOUR USERS DOWN. YOU SHOULD ADD A HEALTHCHECK FOR EACH DEPENDENCY OF     !
!     YOUR SERVICE WHICH FULLY (BUT LIGHTLY) TESTS YOUR SERVICE'S ABILITY TO   !
!      USE THAT SERVICE. THINK OF IT AS A CONTINUOUS INTEGRATION TEST.         !
!!!!!!!!!!!!!!!!!!!!!!!!!!!!!!!!!!!!!!!!!!!!!!!!!!!!!!!!!!!!!!!!!!!!!!!!!!!!!!!!
!!!!!!!!!!!!!!!!!!!!!!!!!!!!!!!!!!!!!!!!!!!!!!!!!!!!!!!!!!!!!!!!!!!!!!!!!!!!!!!!
INFO  [2014-05-07 02:49:42,453] com.yammer.dropwizard.cli.ServerCommand: Starting procurement-service
INFO  [2014-05-07 02:49:42,455] org.eclipse.jetty.server.Server: jetty-8.1.10.v20130312
INFO  [2014-05-07 02:49:42,552] com.sun.jersey.server.impl.application.WebApplicationImpl: Initiating Jersey application, version 'Jersey: 1.17.1 02/28/2013 12:47 PM'
INFO  [2014-05-07 02:49:42,583] com.yammer.dropwizard.config.Environment: The following paths were found for the configured resources:

    GET     / (edu.sjsu.cmpe.voting.procurement.api.resources.RootResource)

INFO  [2014-05-07 02:49:42,583] com.yammer.dropwizard.config.Environment: tasks = 

    POST    /tasks/gc (com.yammer.dropwizard.tasks.GarbageCollectionTask)

INFO  [2014-05-07 02:49:42,810] org.quartz.impl.StdSchedulerFactory: Using default implementation for ThreadExecutor
INFO  [2014-05-07 02:49:42,814] org.quartz.simpl.SimpleThreadPool: Job execution threads will use class loader of thread: main
INFO  [2014-05-07 02:49:42,837] org.quartz.core.SchedulerSignalerImpl: Initialized Scheduler Signaller of type: class org.quartz.core.SchedulerSignalerImpl
INFO  [2014-05-07 02:49:42,839] org.quartz.core.QuartzScheduler: Quartz Scheduler v.2.1.5 created.
INFO  [2014-05-07 02:49:42,840] org.quartz.simpl.RAMJobStore: RAMJobStore initialized.
INFO  [2014-05-07 02:49:42,842] org.quartz.core.QuartzScheduler: Scheduler meta-data: Quartz Scheduler (v2.1.5) 'DefaultQuartzScheduler' with instanceId 'NON_CLUSTERED'
  Scheduler class: 'org.quartz.core.QuartzScheduler' - running locally.
  NOT STARTED.
  Currently in standby mode.
  Number of jobs executed: 0
  Using thread pool 'org.quartz.simpl.SimpleThreadPool' - with 10 threads.
  Using job-store 'org.quartz.simpl.RAMJobStore' - which does not support persistence. and is not clustered.

INFO  [2014-05-07 02:49:42,842] org.quartz.impl.StdSchedulerFactory: Quartz scheduler 'DefaultQuartzScheduler' initialized from default resource file in Quartz package: 'quartz.properties'
INFO  [2014-05-07 02:49:42,842] org.quartz.impl.StdSchedulerFactory: Quartz scheduler version: 2.1.5
INFO  [2014-05-07 02:49:42,842] org.quartz.core.QuartzScheduler: Scheduler DefaultQuartzScheduler_$_NON_CLUSTERED started.
INFO  [2014-05-07 02:49:42,845] de.spinscale.dropwizard.jobs.JobManager: Jobs to run on application start: []
INFO  [2014-05-07 02:49:42,846] de.spinscale.dropwizard.jobs.JobManager: Jobs with @Every annotation: [class edu.sjsu.cmpe.voting.procurement.jobs.ProcurementSchedulerJob]
INFO  [2014-05-07 02:49:42,860] de.spinscale.dropwizard.jobs.JobManager: Jobs with @On annotation: []
INFO  [2014-05-07 02:49:42,892] org.eclipse.jetty.server.AbstractConnector: Started InstrumentedBlockingChannelConnector@0.0.0.0:9080
INFO  [2014-05-07 02:49:42,898] org.eclipse.jetty.server.AbstractConnector: Started SocketConnector@0.0.0.0:9081
INFO  [2014-05-07 02:49:53,646] org.eclipse.jetty.server.Server: Graceful shutdown SocketConnector@0.0.0.0:9081
INFO  [2014-05-07 02:49:53,647] org.eclipse.jetty.server.Server: Graceful shutdown InstrumentedBlockingChannelConnector@0.0.0.0:9080
INFO  [2014-05-07 02:49:53,647] org.eclipse.jetty.server.Server: Graceful shutdown o.e.j.s.ServletContextHandler{/,null}
INFO  [2014-05-07 02:49:53,647] org.eclipse.jetty.server.Server: Graceful shutdown o.e.j.s.ServletContextHandler{/,file:/Users/minu/Documents/workspace-sts-3.4.0.RELEASE/voting-procurement-service/target/classes/}
INFO  [2014-05-07 02:49:55,700] org.eclipse.jetty.server.handler.ContextHandler: stopped o.e.j.s.ServletContextHandler{/,file:/Users/minu/Documents/workspace-sts-3.4.0.RELEASE/voting-procurement-service/target/classes/}
INFO  [2014-05-07 02:49:55,700] org.eclipse.jetty.server.handler.ContextHandler: stopped o.e.j.s.ServletContextHandler{/,null}
INFO  [2014-05-07 02:49:55,801] org.quartz.core.QuartzScheduler: Scheduler DefaultQuartzScheduler_$_NON_CLUSTERED shutting down.
INFO  [2014-05-07 02:49:55,801] org.quartz.core.QuartzScheduler: Scheduler DefaultQuartzScheduler_$_NON_CLUSTERED paused.
INFO  [2014-05-07 02:49:56,191] org.quartz.core.QuartzScheduler: Scheduler DefaultQuartzScheduler_$_NON_CLUSTERED shutdown complete.
INFO  [2014-05-07 03:00:52,657] org.reflections.Reflections: Reflections took 103 ms to scan 1 urls, producing 2 keys and 2 values 
WARN  [2014-05-07 03:00:53,211] com.yammer.dropwizard.config.ServerFactory: 
!!!!!!!!!!!!!!!!!!!!!!!!!!!!!!!!!!!!!!!!!!!!!!!!!!!!!!!!!!!!!!!!!!!!!!!!!!!!!!!!
!!!!!!!!!!!!!!!!!!!!!!!!!!!!!!!!!!!!!!!!!!!!!!!!!!!!!!!!!!!!!!!!!!!!!!!!!!!!!!!!
!    THIS SERVICE HAS NO HEALTHCHECKS. THIS MEANS YOU WILL NEVER KNOW IF IT    !
!    DIES IN PRODUCTION, WHICH MEANS YOU WILL NEVER KNOW IF YOU'RE LETTING     !
!     YOUR USERS DOWN. YOU SHOULD ADD A HEALTHCHECK FOR EACH DEPENDENCY OF     !
!     YOUR SERVICE WHICH FULLY (BUT LIGHTLY) TESTS YOUR SERVICE'S ABILITY TO   !
!      USE THAT SERVICE. THINK OF IT AS A CONTINUOUS INTEGRATION TEST.         !
!!!!!!!!!!!!!!!!!!!!!!!!!!!!!!!!!!!!!!!!!!!!!!!!!!!!!!!!!!!!!!!!!!!!!!!!!!!!!!!!
!!!!!!!!!!!!!!!!!!!!!!!!!!!!!!!!!!!!!!!!!!!!!!!!!!!!!!!!!!!!!!!!!!!!!!!!!!!!!!!!
INFO  [2014-05-07 03:00:53,287] com.yammer.dropwizard.cli.ServerCommand: Starting procurement-service
INFO  [2014-05-07 03:00:53,288] org.eclipse.jetty.server.Server: jetty-8.1.10.v20130312
INFO  [2014-05-07 03:00:53,386] com.sun.jersey.server.impl.application.WebApplicationImpl: Initiating Jersey application, version 'Jersey: 1.17.1 02/28/2013 12:47 PM'
INFO  [2014-05-07 03:00:53,425] com.yammer.dropwizard.config.Environment: The following paths were found for the configured resources:

    GET     / (edu.sjsu.cmpe.voting.procurement.api.resources.RootResource)

INFO  [2014-05-07 03:00:53,426] com.yammer.dropwizard.config.Environment: tasks = 

    POST    /tasks/gc (com.yammer.dropwizard.tasks.GarbageCollectionTask)

INFO  [2014-05-07 03:00:53,665] org.quartz.impl.StdSchedulerFactory: Using default implementation for ThreadExecutor
INFO  [2014-05-07 03:00:53,669] org.quartz.simpl.SimpleThreadPool: Job execution threads will use class loader of thread: main
INFO  [2014-05-07 03:00:53,689] org.quartz.core.SchedulerSignalerImpl: Initialized Scheduler Signaller of type: class org.quartz.core.SchedulerSignalerImpl
INFO  [2014-05-07 03:00:53,691] org.quartz.core.QuartzScheduler: Quartz Scheduler v.2.1.5 created.
INFO  [2014-05-07 03:00:53,693] org.quartz.simpl.RAMJobStore: RAMJobStore initialized.
INFO  [2014-05-07 03:00:53,694] org.quartz.core.QuartzScheduler: Scheduler meta-data: Quartz Scheduler (v2.1.5) 'DefaultQuartzScheduler' with instanceId 'NON_CLUSTERED'
  Scheduler class: 'org.quartz.core.QuartzScheduler' - running locally.
  NOT STARTED.
  Currently in standby mode.
  Number of jobs executed: 0
  Using thread pool 'org.quartz.simpl.SimpleThreadPool' - with 10 threads.
  Using job-store 'org.quartz.simpl.RAMJobStore' - which does not support persistence. and is not clustered.

INFO  [2014-05-07 03:00:53,694] org.quartz.impl.StdSchedulerFactory: Quartz scheduler 'DefaultQuartzScheduler' initialized from default resource file in Quartz package: 'quartz.properties'
INFO  [2014-05-07 03:00:53,694] org.quartz.impl.StdSchedulerFactory: Quartz scheduler version: 2.1.5
INFO  [2014-05-07 03:00:53,694] org.quartz.core.QuartzScheduler: Scheduler DefaultQuartzScheduler_$_NON_CLUSTERED started.
INFO  [2014-05-07 03:00:53,697] de.spinscale.dropwizard.jobs.JobManager: Jobs to run on application start: []
INFO  [2014-05-07 03:00:53,698] de.spinscale.dropwizard.jobs.JobManager: Jobs with @Every annotation: [class edu.sjsu.cmpe.voting.procurement.jobs.ProcurementSchedulerJob]
INFO  [2014-05-07 03:00:53,716] de.spinscale.dropwizard.jobs.JobManager: Jobs with @On annotation: []
INFO  [2014-05-07 03:00:53,744] org.eclipse.jetty.server.AbstractConnector: Started InstrumentedBlockingChannelConnector@0.0.0.0:9080
INFO  [2014-05-07 03:00:53,750] org.eclipse.jetty.server.AbstractConnector: Started SocketConnector@0.0.0.0:9081
INFO  [2014-05-07 03:04:07,014] org.eclipse.jetty.server.Server: Graceful shutdown SocketConnector@0.0.0.0:9081
INFO  [2014-05-07 03:04:07,014] org.eclipse.jetty.server.Server: Graceful shutdown InstrumentedBlockingChannelConnector@0.0.0.0:9080
INFO  [2014-05-07 03:04:07,015] org.eclipse.jetty.server.Server: Graceful shutdown o.e.j.s.ServletContextHandler{/,null}
INFO  [2014-05-07 03:04:07,015] org.eclipse.jetty.server.Server: Graceful shutdown o.e.j.s.ServletContextHandler{/,file:/Users/minu/Documents/workspace-sts-3.4.0.RELEASE/voting-procurement-service/target/classes/}
INFO  [2014-05-07 03:04:09,068] org.eclipse.jetty.server.handler.ContextHandler: stopped o.e.j.s.ServletContextHandler{/,file:/Users/minu/Documents/workspace-sts-3.4.0.RELEASE/voting-procurement-service/target/classes/}
INFO  [2014-05-07 03:04:09,068] org.eclipse.jetty.server.handler.ContextHandler: stopped o.e.j.s.ServletContextHandler{/,null}
INFO  [2014-05-07 03:04:09,171] org.quartz.core.QuartzScheduler: Scheduler DefaultQuartzScheduler_$_NON_CLUSTERED shutting down.
INFO  [2014-05-07 03:04:09,171] org.quartz.core.QuartzScheduler: Scheduler DefaultQuartzScheduler_$_NON_CLUSTERED paused.
INFO  [2014-05-07 03:04:09,399] org.quartz.core.QuartzScheduler: Scheduler DefaultQuartzScheduler_$_NON_CLUSTERED shutdown complete.
INFO  [2014-05-07 03:12:56,888] org.reflections.Reflections: Reflections took 100 ms to scan 1 urls, producing 2 keys and 2 values 
WARN  [2014-05-07 03:12:57,443] com.yammer.dropwizard.config.ServerFactory: 
!!!!!!!!!!!!!!!!!!!!!!!!!!!!!!!!!!!!!!!!!!!!!!!!!!!!!!!!!!!!!!!!!!!!!!!!!!!!!!!!
!!!!!!!!!!!!!!!!!!!!!!!!!!!!!!!!!!!!!!!!!!!!!!!!!!!!!!!!!!!!!!!!!!!!!!!!!!!!!!!!
!    THIS SERVICE HAS NO HEALTHCHECKS. THIS MEANS YOU WILL NEVER KNOW IF IT    !
!    DIES IN PRODUCTION, WHICH MEANS YOU WILL NEVER KNOW IF YOU'RE LETTING     !
!     YOUR USERS DOWN. YOU SHOULD ADD A HEALTHCHECK FOR EACH DEPENDENCY OF     !
!     YOUR SERVICE WHICH FULLY (BUT LIGHTLY) TESTS YOUR SERVICE'S ABILITY TO   !
!      USE THAT SERVICE. THINK OF IT AS A CONTINUOUS INTEGRATION TEST.         !
!!!!!!!!!!!!!!!!!!!!!!!!!!!!!!!!!!!!!!!!!!!!!!!!!!!!!!!!!!!!!!!!!!!!!!!!!!!!!!!!
!!!!!!!!!!!!!!!!!!!!!!!!!!!!!!!!!!!!!!!!!!!!!!!!!!!!!!!!!!!!!!!!!!!!!!!!!!!!!!!!
INFO  [2014-05-07 03:12:57,515] com.yammer.dropwizard.cli.ServerCommand: Starting procurement-service
INFO  [2014-05-07 03:12:57,517] org.eclipse.jetty.server.Server: jetty-8.1.10.v20130312
INFO  [2014-05-07 03:12:57,613] com.sun.jersey.server.impl.application.WebApplicationImpl: Initiating Jersey application, version 'Jersey: 1.17.1 02/28/2013 12:47 PM'
INFO  [2014-05-07 03:12:57,640] com.yammer.dropwizard.config.Environment: The following paths were found for the configured resources:

    GET     / (edu.sjsu.cmpe.voting.procurement.api.resources.RootResource)

INFO  [2014-05-07 03:12:57,640] com.yammer.dropwizard.config.Environment: tasks = 

    POST    /tasks/gc (com.yammer.dropwizard.tasks.GarbageCollectionTask)

INFO  [2014-05-07 03:12:57,888] org.quartz.impl.StdSchedulerFactory: Using default implementation for ThreadExecutor
INFO  [2014-05-07 03:12:57,894] org.quartz.simpl.SimpleThreadPool: Job execution threads will use class loader of thread: main
INFO  [2014-05-07 03:12:57,918] org.quartz.core.SchedulerSignalerImpl: Initialized Scheduler Signaller of type: class org.quartz.core.SchedulerSignalerImpl
INFO  [2014-05-07 03:12:57,919] org.quartz.core.QuartzScheduler: Quartz Scheduler v.2.1.5 created.
INFO  [2014-05-07 03:12:57,922] org.quartz.simpl.RAMJobStore: RAMJobStore initialized.
INFO  [2014-05-07 03:12:57,923] org.quartz.core.QuartzScheduler: Scheduler meta-data: Quartz Scheduler (v2.1.5) 'DefaultQuartzScheduler' with instanceId 'NON_CLUSTERED'
  Scheduler class: 'org.quartz.core.QuartzScheduler' - running locally.
  NOT STARTED.
  Currently in standby mode.
  Number of jobs executed: 0
  Using thread pool 'org.quartz.simpl.SimpleThreadPool' - with 10 threads.
  Using job-store 'org.quartz.simpl.RAMJobStore' - which does not support persistence. and is not clustered.

INFO  [2014-05-07 03:12:57,923] org.quartz.impl.StdSchedulerFactory: Quartz scheduler 'DefaultQuartzScheduler' initialized from default resource file in Quartz package: 'quartz.properties'
INFO  [2014-05-07 03:12:57,923] org.quartz.impl.StdSchedulerFactory: Quartz scheduler version: 2.1.5
INFO  [2014-05-07 03:12:57,923] org.quartz.core.QuartzScheduler: Scheduler DefaultQuartzScheduler_$_NON_CLUSTERED started.
INFO  [2014-05-07 03:12:57,927] de.spinscale.dropwizard.jobs.JobManager: Jobs to run on application start: []
INFO  [2014-05-07 03:12:57,928] de.spinscale.dropwizard.jobs.JobManager: Jobs with @Every annotation: [class edu.sjsu.cmpe.voting.procurement.jobs.ProcurementSchedulerJob]
INFO  [2014-05-07 03:12:57,947] de.spinscale.dropwizard.jobs.JobManager: Jobs with @On annotation: []
INFO  [2014-05-07 03:12:57,988] org.eclipse.jetty.server.AbstractConnector: Started InstrumentedBlockingChannelConnector@0.0.0.0:9080
INFO  [2014-05-07 03:12:57,994] org.eclipse.jetty.server.AbstractConnector: Started SocketConnector@0.0.0.0:9081
INFO  [2014-05-07 03:13:15,274] org.eclipse.jetty.server.Server: Graceful shutdown SocketConnector@0.0.0.0:9081
INFO  [2014-05-07 03:13:15,275] org.eclipse.jetty.server.Server: Graceful shutdown InstrumentedBlockingChannelConnector@0.0.0.0:9080
INFO  [2014-05-07 03:13:15,276] org.eclipse.jetty.server.Server: Graceful shutdown o.e.j.s.ServletContextHandler{/,null}
INFO  [2014-05-07 03:13:15,276] org.eclipse.jetty.server.Server: Graceful shutdown o.e.j.s.ServletContextHandler{/,file:/Users/minu/Documents/workspace-sts-3.4.0.RELEASE/voting-procurement-service/target/classes/}
INFO  [2014-05-07 03:13:17,330] org.eclipse.jetty.server.handler.ContextHandler: stopped o.e.j.s.ServletContextHandler{/,file:/Users/minu/Documents/workspace-sts-3.4.0.RELEASE/voting-procurement-service/target/classes/}
INFO  [2014-05-07 03:13:17,330] org.eclipse.jetty.server.handler.ContextHandler: stopped o.e.j.s.ServletContextHandler{/,null}
INFO  [2014-05-07 03:13:17,432] org.quartz.core.QuartzScheduler: Scheduler DefaultQuartzScheduler_$_NON_CLUSTERED shutting down.
INFO  [2014-05-07 03:13:17,433] org.quartz.core.QuartzScheduler: Scheduler DefaultQuartzScheduler_$_NON_CLUSTERED paused.
INFO  [2014-05-07 03:13:17,925] org.quartz.core.QuartzScheduler: Scheduler DefaultQuartzScheduler_$_NON_CLUSTERED shutdown complete.
INFO  [2014-05-07 03:16:23,249] org.reflections.Reflections: Reflections took 82 ms to scan 1 urls, producing 2 keys and 2 values 
WARN  [2014-05-07 03:16:23,772] com.yammer.dropwizard.config.ServerFactory: 
!!!!!!!!!!!!!!!!!!!!!!!!!!!!!!!!!!!!!!!!!!!!!!!!!!!!!!!!!!!!!!!!!!!!!!!!!!!!!!!!
!!!!!!!!!!!!!!!!!!!!!!!!!!!!!!!!!!!!!!!!!!!!!!!!!!!!!!!!!!!!!!!!!!!!!!!!!!!!!!!!
!    THIS SERVICE HAS NO HEALTHCHECKS. THIS MEANS YOU WILL NEVER KNOW IF IT    !
!    DIES IN PRODUCTION, WHICH MEANS YOU WILL NEVER KNOW IF YOU'RE LETTING     !
!     YOUR USERS DOWN. YOU SHOULD ADD A HEALTHCHECK FOR EACH DEPENDENCY OF     !
!     YOUR SERVICE WHICH FULLY (BUT LIGHTLY) TESTS YOUR SERVICE'S ABILITY TO   !
!      USE THAT SERVICE. THINK OF IT AS A CONTINUOUS INTEGRATION TEST.         !
!!!!!!!!!!!!!!!!!!!!!!!!!!!!!!!!!!!!!!!!!!!!!!!!!!!!!!!!!!!!!!!!!!!!!!!!!!!!!!!!
!!!!!!!!!!!!!!!!!!!!!!!!!!!!!!!!!!!!!!!!!!!!!!!!!!!!!!!!!!!!!!!!!!!!!!!!!!!!!!!!
INFO  [2014-05-07 03:16:23,847] com.yammer.dropwizard.cli.ServerCommand: Starting procurement-service
INFO  [2014-05-07 03:16:23,849] org.eclipse.jetty.server.Server: jetty-8.1.10.v20130312
INFO  [2014-05-07 03:16:23,954] com.sun.jersey.server.impl.application.WebApplicationImpl: Initiating Jersey application, version 'Jersey: 1.17.1 02/28/2013 12:47 PM'
INFO  [2014-05-07 03:16:23,991] com.yammer.dropwizard.config.Environment: The following paths were found for the configured resources:

    GET     / (edu.sjsu.cmpe.voting.procurement.api.resources.RootResource)

INFO  [2014-05-07 03:16:23,992] com.yammer.dropwizard.config.Environment: tasks = 

    POST    /tasks/gc (com.yammer.dropwizard.tasks.GarbageCollectionTask)

INFO  [2014-05-07 03:16:24,209] org.quartz.impl.StdSchedulerFactory: Using default implementation for ThreadExecutor
INFO  [2014-05-07 03:16:24,212] org.quartz.simpl.SimpleThreadPool: Job execution threads will use class loader of thread: main
INFO  [2014-05-07 03:16:24,228] org.quartz.core.SchedulerSignalerImpl: Initialized Scheduler Signaller of type: class org.quartz.core.SchedulerSignalerImpl
INFO  [2014-05-07 03:16:24,230] org.quartz.core.QuartzScheduler: Quartz Scheduler v.2.1.5 created.
INFO  [2014-05-07 03:16:24,231] org.quartz.simpl.RAMJobStore: RAMJobStore initialized.
INFO  [2014-05-07 03:16:24,233] org.quartz.core.QuartzScheduler: Scheduler meta-data: Quartz Scheduler (v2.1.5) 'DefaultQuartzScheduler' with instanceId 'NON_CLUSTERED'
  Scheduler class: 'org.quartz.core.QuartzScheduler' - running locally.
  NOT STARTED.
  Currently in standby mode.
  Number of jobs executed: 0
  Using thread pool 'org.quartz.simpl.SimpleThreadPool' - with 10 threads.
  Using job-store 'org.quartz.simpl.RAMJobStore' - which does not support persistence. and is not clustered.

INFO  [2014-05-07 03:16:24,233] org.quartz.impl.StdSchedulerFactory: Quartz scheduler 'DefaultQuartzScheduler' initialized from default resource file in Quartz package: 'quartz.properties'
INFO  [2014-05-07 03:16:24,233] org.quartz.impl.StdSchedulerFactory: Quartz scheduler version: 2.1.5
INFO  [2014-05-07 03:16:24,233] org.quartz.core.QuartzScheduler: Scheduler DefaultQuartzScheduler_$_NON_CLUSTERED started.
INFO  [2014-05-07 03:16:24,237] de.spinscale.dropwizard.jobs.JobManager: Jobs to run on application start: []
INFO  [2014-05-07 03:16:24,238] de.spinscale.dropwizard.jobs.JobManager: Jobs with @Every annotation: [class edu.sjsu.cmpe.voting.procurement.jobs.ProcurementSchedulerJob]
INFO  [2014-05-07 03:16:24,252] de.spinscale.dropwizard.jobs.JobManager: Jobs with @On annotation: []
INFO  [2014-05-07 03:16:24,286] org.eclipse.jetty.server.AbstractConnector: Started InstrumentedBlockingChannelConnector@0.0.0.0:9080
INFO  [2014-05-07 03:16:24,293] org.eclipse.jetty.server.AbstractConnector: Started SocketConnector@0.0.0.0:9081
INFO  [2014-05-07 03:16:31,210] org.eclipse.jetty.server.Server: Graceful shutdown SocketConnector@0.0.0.0:9081
INFO  [2014-05-07 03:16:31,211] org.eclipse.jetty.server.Server: Graceful shutdown InstrumentedBlockingChannelConnector@0.0.0.0:9080
INFO  [2014-05-07 03:16:31,211] org.eclipse.jetty.server.Server: Graceful shutdown o.e.j.s.ServletContextHandler{/,null}
INFO  [2014-05-07 03:16:31,211] org.eclipse.jetty.server.Server: Graceful shutdown o.e.j.s.ServletContextHandler{/,file:/Users/minu/Documents/workspace-sts-3.4.0.RELEASE/voting-procurement-service/target/classes/}
INFO  [2014-05-07 03:16:33,264] org.eclipse.jetty.server.handler.ContextHandler: stopped o.e.j.s.ServletContextHandler{/,file:/Users/minu/Documents/workspace-sts-3.4.0.RELEASE/voting-procurement-service/target/classes/}
INFO  [2014-05-07 03:16:33,264] org.eclipse.jetty.server.handler.ContextHandler: stopped o.e.j.s.ServletContextHandler{/,null}
INFO  [2014-05-07 03:16:33,366] org.quartz.core.QuartzScheduler: Scheduler DefaultQuartzScheduler_$_NON_CLUSTERED shutting down.
INFO  [2014-05-07 03:16:33,366] org.quartz.core.QuartzScheduler: Scheduler DefaultQuartzScheduler_$_NON_CLUSTERED paused.
INFO  [2014-05-07 03:16:33,730] org.quartz.core.QuartzScheduler: Scheduler DefaultQuartzScheduler_$_NON_CLUSTERED shutdown complete.
INFO  [2014-05-07 03:17:53,670] org.reflections.Reflections: Reflections took 87 ms to scan 1 urls, producing 2 keys and 2 values 
WARN  [2014-05-07 03:17:54,273] com.yammer.dropwizard.config.ServerFactory: 
!!!!!!!!!!!!!!!!!!!!!!!!!!!!!!!!!!!!!!!!!!!!!!!!!!!!!!!!!!!!!!!!!!!!!!!!!!!!!!!!
!!!!!!!!!!!!!!!!!!!!!!!!!!!!!!!!!!!!!!!!!!!!!!!!!!!!!!!!!!!!!!!!!!!!!!!!!!!!!!!!
!    THIS SERVICE HAS NO HEALTHCHECKS. THIS MEANS YOU WILL NEVER KNOW IF IT    !
!    DIES IN PRODUCTION, WHICH MEANS YOU WILL NEVER KNOW IF YOU'RE LETTING     !
!     YOUR USERS DOWN. YOU SHOULD ADD A HEALTHCHECK FOR EACH DEPENDENCY OF     !
!     YOUR SERVICE WHICH FULLY (BUT LIGHTLY) TESTS YOUR SERVICE'S ABILITY TO   !
!      USE THAT SERVICE. THINK OF IT AS A CONTINUOUS INTEGRATION TEST.         !
!!!!!!!!!!!!!!!!!!!!!!!!!!!!!!!!!!!!!!!!!!!!!!!!!!!!!!!!!!!!!!!!!!!!!!!!!!!!!!!!
!!!!!!!!!!!!!!!!!!!!!!!!!!!!!!!!!!!!!!!!!!!!!!!!!!!!!!!!!!!!!!!!!!!!!!!!!!!!!!!!
INFO  [2014-05-07 03:17:54,352] com.yammer.dropwizard.cli.ServerCommand: Starting procurement-service
INFO  [2014-05-07 03:17:54,354] org.eclipse.jetty.server.Server: jetty-8.1.10.v20130312
INFO  [2014-05-07 03:17:54,454] com.sun.jersey.server.impl.application.WebApplicationImpl: Initiating Jersey application, version 'Jersey: 1.17.1 02/28/2013 12:47 PM'
INFO  [2014-05-07 03:17:54,495] com.yammer.dropwizard.config.Environment: The following paths were found for the configured resources:

    GET     / (edu.sjsu.cmpe.voting.procurement.api.resources.RootResource)

INFO  [2014-05-07 03:17:54,495] com.yammer.dropwizard.config.Environment: tasks = 

    POST    /tasks/gc (com.yammer.dropwizard.tasks.GarbageCollectionTask)

INFO  [2014-05-07 03:17:54,725] org.quartz.impl.StdSchedulerFactory: Using default implementation for ThreadExecutor
INFO  [2014-05-07 03:17:54,728] org.quartz.simpl.SimpleThreadPool: Job execution threads will use class loader of thread: main
INFO  [2014-05-07 03:17:54,743] org.quartz.core.SchedulerSignalerImpl: Initialized Scheduler Signaller of type: class org.quartz.core.SchedulerSignalerImpl
INFO  [2014-05-07 03:17:54,745] org.quartz.core.QuartzScheduler: Quartz Scheduler v.2.1.5 created.
INFO  [2014-05-07 03:17:54,746] org.quartz.simpl.RAMJobStore: RAMJobStore initialized.
INFO  [2014-05-07 03:17:54,747] org.quartz.core.QuartzScheduler: Scheduler meta-data: Quartz Scheduler (v2.1.5) 'DefaultQuartzScheduler' with instanceId 'NON_CLUSTERED'
  Scheduler class: 'org.quartz.core.QuartzScheduler' - running locally.
  NOT STARTED.
  Currently in standby mode.
  Number of jobs executed: 0
  Using thread pool 'org.quartz.simpl.SimpleThreadPool' - with 10 threads.
  Using job-store 'org.quartz.simpl.RAMJobStore' - which does not support persistence. and is not clustered.

INFO  [2014-05-07 03:17:54,747] org.quartz.impl.StdSchedulerFactory: Quartz scheduler 'DefaultQuartzScheduler' initialized from default resource file in Quartz package: 'quartz.properties'
INFO  [2014-05-07 03:17:54,747] org.quartz.impl.StdSchedulerFactory: Quartz scheduler version: 2.1.5
INFO  [2014-05-07 03:17:54,747] org.quartz.core.QuartzScheduler: Scheduler DefaultQuartzScheduler_$_NON_CLUSTERED started.
INFO  [2014-05-07 03:17:54,751] de.spinscale.dropwizard.jobs.JobManager: Jobs to run on application start: []
INFO  [2014-05-07 03:17:54,752] de.spinscale.dropwizard.jobs.JobManager: Jobs with @Every annotation: [class edu.sjsu.cmpe.voting.procurement.jobs.ProcurementSchedulerJob]
INFO  [2014-05-07 03:17:54,763] de.spinscale.dropwizard.jobs.JobManager: Jobs with @On annotation: []
INFO  [2014-05-07 03:17:54,800] org.eclipse.jetty.server.AbstractConnector: Started InstrumentedBlockingChannelConnector@0.0.0.0:9080
INFO  [2014-05-07 03:17:54,805] org.eclipse.jetty.server.AbstractConnector: Started SocketConnector@0.0.0.0:9081
INFO  [2014-05-07 03:18:02,157] org.eclipse.jetty.server.Server: Graceful shutdown SocketConnector@0.0.0.0:9081
INFO  [2014-05-07 03:18:02,157] org.eclipse.jetty.server.Server: Graceful shutdown InstrumentedBlockingChannelConnector@0.0.0.0:9080
INFO  [2014-05-07 03:18:02,158] org.eclipse.jetty.server.Server: Graceful shutdown o.e.j.s.ServletContextHandler{/,null}
INFO  [2014-05-07 03:18:02,158] org.eclipse.jetty.server.Server: Graceful shutdown o.e.j.s.ServletContextHandler{/,file:/Users/minu/Documents/workspace-sts-3.4.0.RELEASE/voting-procurement-service/target/classes/}
INFO  [2014-05-07 03:18:04,212] org.eclipse.jetty.server.handler.ContextHandler: stopped o.e.j.s.ServletContextHandler{/,file:/Users/minu/Documents/workspace-sts-3.4.0.RELEASE/voting-procurement-service/target/classes/}
INFO  [2014-05-07 03:18:04,212] org.eclipse.jetty.server.handler.ContextHandler: stopped o.e.j.s.ServletContextHandler{/,null}
INFO  [2014-05-07 03:18:04,313] org.quartz.core.QuartzScheduler: Scheduler DefaultQuartzScheduler_$_NON_CLUSTERED shutting down.
INFO  [2014-05-07 03:18:04,313] org.quartz.core.QuartzScheduler: Scheduler DefaultQuartzScheduler_$_NON_CLUSTERED paused.
INFO  [2014-05-07 03:18:04,805] org.quartz.core.QuartzScheduler: Scheduler DefaultQuartzScheduler_$_NON_CLUSTERED shutdown complete.
