INFO  [2014-05-07 04:55:25,950] org.reflections.Reflections: Reflections took 327 ms to scan 1 urls, producing 2 keys and 2 values 
WARN  [2014-05-07 04:55:27,385] com.yammer.dropwizard.config.ServerFactory: 
!!!!!!!!!!!!!!!!!!!!!!!!!!!!!!!!!!!!!!!!!!!!!!!!!!!!!!!!!!!!!!!!!!!!!!!!!!!!!!!!
!!!!!!!!!!!!!!!!!!!!!!!!!!!!!!!!!!!!!!!!!!!!!!!!!!!!!!!!!!!!!!!!!!!!!!!!!!!!!!!!
!    THIS SERVICE HAS NO HEALTHCHECKS. THIS MEANS YOU WILL NEVER KNOW IF IT    !
!    DIES IN PRODUCTION, WHICH MEANS YOU WILL NEVER KNOW IF YOU'RE LETTING     !
!     YOUR USERS DOWN. YOU SHOULD ADD A HEALTHCHECK FOR EACH DEPENDENCY OF     !
!     YOUR SERVICE WHICH FULLY (BUT LIGHTLY) TESTS YOUR SERVICE'S ABILITY TO   !
!      USE THAT SERVICE. THINK OF IT AS A CONTINUOUS INTEGRATION TEST.         !
!!!!!!!!!!!!!!!!!!!!!!!!!!!!!!!!!!!!!!!!!!!!!!!!!!!!!!!!!!!!!!!!!!!!!!!!!!!!!!!!
!!!!!!!!!!!!!!!!!!!!!!!!!!!!!!!!!!!!!!!!!!!!!!!!!!!!!!!!!!!!!!!!!!!!!!!!!!!!!!!!
INFO  [2014-05-07 04:55:27,580] com.yammer.dropwizard.cli.ServerCommand: Starting procurement-service
INFO  [2014-05-07 04:55:27,590] org.eclipse.jetty.server.Server: jetty-8.y.z-SNAPSHOT
INFO  [2014-05-07 04:55:27,895] com.sun.jersey.server.impl.application.WebApplicationImpl: Initiating Jersey application, version 'Jersey: 1.17.1 02/28/2013 12:47 PM'
INFO  [2014-05-07 04:55:27,980] com.yammer.dropwizard.config.Environment: The following paths were found for the configured resources:

    GET     / (edu.sjsu.cmpe.voting.procurement.api.resources.RootResource)

INFO  [2014-05-07 04:55:27,981] com.yammer.dropwizard.config.Environment: tasks = 

    POST    /tasks/gc (com.yammer.dropwizard.tasks.GarbageCollectionTask)

INFO  [2014-05-07 04:55:28,546] org.quartz.impl.StdSchedulerFactory: Using default implementation for ThreadExecutor
INFO  [2014-05-07 04:55:28,560] org.quartz.simpl.SimpleThreadPool: Job execution threads will use class loader of thread: main
INFO  [2014-05-07 04:55:28,629] org.quartz.core.SchedulerSignalerImpl: Initialized Scheduler Signaller of type: class org.quartz.core.SchedulerSignalerImpl
INFO  [2014-05-07 04:55:28,636] org.quartz.core.QuartzScheduler: Quartz Scheduler v.2.1.5 created.
INFO  [2014-05-07 04:55:28,638] org.quartz.simpl.RAMJobStore: RAMJobStore initialized.
INFO  [2014-05-07 04:55:28,640] org.quartz.core.QuartzScheduler: Scheduler meta-data: Quartz Scheduler (v2.1.5) 'DefaultQuartzScheduler' with instanceId 'NON_CLUSTERED'
  Scheduler class: 'org.quartz.core.QuartzScheduler' - running locally.
  NOT STARTED.
  Currently in standby mode.
  Number of jobs executed: 0
  Using thread pool 'org.quartz.simpl.SimpleThreadPool' - with 10 threads.
  Using job-store 'org.quartz.simpl.RAMJobStore' - which does not support persistence. and is not clustered.

INFO  [2014-05-07 04:55:28,642] org.quartz.impl.StdSchedulerFactory: Quartz scheduler 'DefaultQuartzScheduler' initialized from default resource file in Quartz package: 'quartz.properties'
INFO  [2014-05-07 04:55:28,642] org.quartz.impl.StdSchedulerFactory: Quartz scheduler version: 2.1.5
INFO  [2014-05-07 04:55:28,644] org.quartz.core.QuartzScheduler: Scheduler DefaultQuartzScheduler_$_NON_CLUSTERED started.
INFO  [2014-05-07 04:55:28,656] de.spinscale.dropwizard.jobs.JobManager: Jobs to run on application start: []
INFO  [2014-05-07 04:55:28,658] de.spinscale.dropwizard.jobs.JobManager: Jobs with @Every annotation: [class edu.sjsu.cmpe.voting.procurement.jobs.ProcurementSchedulerJob]
INFO  [2014-05-07 04:55:28,702] de.spinscale.dropwizard.jobs.JobManager: Jobs with @On annotation: []
INFO  [2014-05-07 04:55:28,869] org.eclipse.jetty.server.AbstractConnector: Started InstrumentedBlockingChannelConnector@0.0.0.0:9080
INFO  [2014-05-07 04:55:28,888] org.eclipse.jetty.server.AbstractConnector: Started SocketConnector@0.0.0.0:9081
INFO  [2014-05-07 04:58:33,643] org.eclipse.jetty.server.Server: Graceful shutdown SocketConnector@0.0.0.0:9081
INFO  [2014-05-07 04:58:33,652] org.eclipse.jetty.server.Server: Graceful shutdown InstrumentedBlockingChannelConnector@0.0.0.0:9080
INFO  [2014-05-07 04:58:33,682] org.eclipse.jetty.server.Server: Graceful shutdown o.e.j.s.ServletContextHandler{/,null}
INFO  [2014-05-07 04:58:33,683] org.eclipse.jetty.server.Server: Graceful shutdown o.e.j.s.ServletContextHandler{/,null}
INFO  [2014-05-07 04:58:35,742] org.eclipse.jetty.server.handler.ContextHandler: stopped o.e.j.s.ServletContextHandler{/,null}
INFO  [2014-05-07 04:58:35,743] org.eclipse.jetty.server.handler.ContextHandler: stopped o.e.j.s.ServletContextHandler{/,null}
INFO  [2014-05-07 04:58:35,848] org.quartz.core.QuartzScheduler: Scheduler DefaultQuartzScheduler_$_NON_CLUSTERED shutting down.
INFO  [2014-05-07 04:58:35,848] org.quartz.core.QuartzScheduler: Scheduler DefaultQuartzScheduler_$_NON_CLUSTERED paused.
INFO  [2014-05-07 04:58:36,298] org.quartz.core.QuartzScheduler: Scheduler DefaultQuartzScheduler_$_NON_CLUSTERED shutdown complete.
INFO  [2014-05-07 18:24:53,185] org.reflections.Reflections: Reflections took 341 ms to scan 1 urls, producing 2 keys and 2 values 
WARN  [2014-05-07 18:24:54,704] com.yammer.dropwizard.config.ServerFactory: 
!!!!!!!!!!!!!!!!!!!!!!!!!!!!!!!!!!!!!!!!!!!!!!!!!!!!!!!!!!!!!!!!!!!!!!!!!!!!!!!!
!!!!!!!!!!!!!!!!!!!!!!!!!!!!!!!!!!!!!!!!!!!!!!!!!!!!!!!!!!!!!!!!!!!!!!!!!!!!!!!!
!    THIS SERVICE HAS NO HEALTHCHECKS. THIS MEANS YOU WILL NEVER KNOW IF IT    !
!    DIES IN PRODUCTION, WHICH MEANS YOU WILL NEVER KNOW IF YOU'RE LETTING     !
!     YOUR USERS DOWN. YOU SHOULD ADD A HEALTHCHECK FOR EACH DEPENDENCY OF     !
!     YOUR SERVICE WHICH FULLY (BUT LIGHTLY) TESTS YOUR SERVICE'S ABILITY TO   !
!      USE THAT SERVICE. THINK OF IT AS A CONTINUOUS INTEGRATION TEST.         !
!!!!!!!!!!!!!!!!!!!!!!!!!!!!!!!!!!!!!!!!!!!!!!!!!!!!!!!!!!!!!!!!!!!!!!!!!!!!!!!!
!!!!!!!!!!!!!!!!!!!!!!!!!!!!!!!!!!!!!!!!!!!!!!!!!!!!!!!!!!!!!!!!!!!!!!!!!!!!!!!!
INFO  [2014-05-07 18:24:54,910] com.yammer.dropwizard.cli.ServerCommand: Starting procurement-service
INFO  [2014-05-07 18:24:54,914] org.eclipse.jetty.server.Server: jetty-8.y.z-SNAPSHOT
INFO  [2014-05-07 18:24:55,126] com.sun.jersey.server.impl.application.WebApplicationImpl: Initiating Jersey application, version 'Jersey: 1.17.1 02/28/2013 12:47 PM'
INFO  [2014-05-07 18:24:55,208] com.yammer.dropwizard.config.Environment: The following paths were found for the configured resources:

    GET     / (edu.sjsu.cmpe.voting.procurement.api.resources.RootResource)

INFO  [2014-05-07 18:24:55,209] com.yammer.dropwizard.config.Environment: tasks = 

    POST    /tasks/gc (com.yammer.dropwizard.tasks.GarbageCollectionTask)

INFO  [2014-05-07 18:24:55,806] org.quartz.impl.StdSchedulerFactory: Using default implementation for ThreadExecutor
INFO  [2014-05-07 18:24:55,819] org.quartz.simpl.SimpleThreadPool: Job execution threads will use class loader of thread: main
INFO  [2014-05-07 18:24:55,891] org.quartz.core.SchedulerSignalerImpl: Initialized Scheduler Signaller of type: class org.quartz.core.SchedulerSignalerImpl
INFO  [2014-05-07 18:24:55,900] org.quartz.core.QuartzScheduler: Quartz Scheduler v.2.1.5 created.
INFO  [2014-05-07 18:24:55,901] org.quartz.simpl.RAMJobStore: RAMJobStore initialized.
INFO  [2014-05-07 18:24:55,902] org.quartz.core.QuartzScheduler: Scheduler meta-data: Quartz Scheduler (v2.1.5) 'DefaultQuartzScheduler' with instanceId 'NON_CLUSTERED'
  Scheduler class: 'org.quartz.core.QuartzScheduler' - running locally.
  NOT STARTED.
  Currently in standby mode.
  Number of jobs executed: 0
  Using thread pool 'org.quartz.simpl.SimpleThreadPool' - with 10 threads.
  Using job-store 'org.quartz.simpl.RAMJobStore' - which does not support persistence. and is not clustered.

INFO  [2014-05-07 18:24:55,902] org.quartz.impl.StdSchedulerFactory: Quartz scheduler 'DefaultQuartzScheduler' initialized from default resource file in Quartz package: 'quartz.properties'
INFO  [2014-05-07 18:24:55,902] org.quartz.impl.StdSchedulerFactory: Quartz scheduler version: 2.1.5
INFO  [2014-05-07 18:24:55,905] org.quartz.core.QuartzScheduler: Scheduler DefaultQuartzScheduler_$_NON_CLUSTERED started.
INFO  [2014-05-07 18:24:55,916] de.spinscale.dropwizard.jobs.JobManager: Jobs to run on application start: []
INFO  [2014-05-07 18:24:55,918] de.spinscale.dropwizard.jobs.JobManager: Jobs with @Every annotation: [class edu.sjsu.cmpe.voting.procurement.jobs.ProcurementSchedulerJob]
INFO  [2014-05-07 18:24:55,947] de.spinscale.dropwizard.jobs.JobManager: Jobs with @On annotation: []
INFO  [2014-05-07 18:24:56,026] org.eclipse.jetty.server.AbstractConnector: Started InstrumentedBlockingChannelConnector@0.0.0.0:9080
INFO  [2014-05-07 18:24:56,051] org.eclipse.jetty.server.AbstractConnector: Started SocketConnector@0.0.0.0:9081
INFO  [2014-05-07 18:32:54,339] org.eclipse.jetty.server.Server: Graceful shutdown SocketConnector@0.0.0.0:9081
INFO  [2014-05-07 18:32:54,379] org.eclipse.jetty.server.Server: Graceful shutdown InstrumentedBlockingChannelConnector@0.0.0.0:9080
INFO  [2014-05-07 18:32:54,387] org.eclipse.jetty.server.Server: Graceful shutdown o.e.j.s.ServletContextHandler{/,null}
INFO  [2014-05-07 18:32:54,388] org.eclipse.jetty.server.Server: Graceful shutdown o.e.j.s.ServletContextHandler{/,null}
INFO  [2014-05-07 18:32:56,444] org.eclipse.jetty.server.handler.ContextHandler: stopped o.e.j.s.ServletContextHandler{/,null}
INFO  [2014-05-07 18:32:56,446] org.eclipse.jetty.server.handler.ContextHandler: stopped o.e.j.s.ServletContextHandler{/,null}
INFO  [2014-05-07 18:32:56,548] org.quartz.core.QuartzScheduler: Scheduler DefaultQuartzScheduler_$_NON_CLUSTERED shutting down.
INFO  [2014-05-07 18:32:56,548] org.quartz.core.QuartzScheduler: Scheduler DefaultQuartzScheduler_$_NON_CLUSTERED paused.
INFO  [2014-05-07 18:34:50,648] org.quartz.core.QuartzScheduler: Scheduler DefaultQuartzScheduler_$_NON_CLUSTERED shutdown complete.
INFO  [2014-05-07 18:50:17,980] org.reflections.Reflections: Reflections took 341 ms to scan 1 urls, producing 2 keys and 2 values 
WARN  [2014-05-07 18:50:20,861] com.yammer.dropwizard.config.ServerFactory: 
!!!!!!!!!!!!!!!!!!!!!!!!!!!!!!!!!!!!!!!!!!!!!!!!!!!!!!!!!!!!!!!!!!!!!!!!!!!!!!!!
!!!!!!!!!!!!!!!!!!!!!!!!!!!!!!!!!!!!!!!!!!!!!!!!!!!!!!!!!!!!!!!!!!!!!!!!!!!!!!!!
!    THIS SERVICE HAS NO HEALTHCHECKS. THIS MEANS YOU WILL NEVER KNOW IF IT    !
!    DIES IN PRODUCTION, WHICH MEANS YOU WILL NEVER KNOW IF YOU'RE LETTING     !
!     YOUR USERS DOWN. YOU SHOULD ADD A HEALTHCHECK FOR EACH DEPENDENCY OF     !
!     YOUR SERVICE WHICH FULLY (BUT LIGHTLY) TESTS YOUR SERVICE'S ABILITY TO   !
!      USE THAT SERVICE. THINK OF IT AS A CONTINUOUS INTEGRATION TEST.         !
!!!!!!!!!!!!!!!!!!!!!!!!!!!!!!!!!!!!!!!!!!!!!!!!!!!!!!!!!!!!!!!!!!!!!!!!!!!!!!!!
!!!!!!!!!!!!!!!!!!!!!!!!!!!!!!!!!!!!!!!!!!!!!!!!!!!!!!!!!!!!!!!!!!!!!!!!!!!!!!!!
INFO  [2014-05-07 18:50:21,067] com.yammer.dropwizard.cli.ServerCommand: Starting procurement-service
INFO  [2014-05-07 18:50:21,071] org.eclipse.jetty.server.Server: jetty-8.y.z-SNAPSHOT
INFO  [2014-05-07 18:50:21,291] com.sun.jersey.server.impl.application.WebApplicationImpl: Initiating Jersey application, version 'Jersey: 1.17.1 02/28/2013 12:47 PM'
INFO  [2014-05-07 18:50:21,381] com.yammer.dropwizard.config.Environment: The following paths were found for the configured resources:

    GET     / (edu.sjsu.cmpe.voting.procurement.api.resources.RootResource)

INFO  [2014-05-07 18:50:21,381] com.yammer.dropwizard.config.Environment: tasks = 

    POST    /tasks/gc (com.yammer.dropwizard.tasks.GarbageCollectionTask)

INFO  [2014-05-07 18:50:21,886] org.quartz.impl.StdSchedulerFactory: Using default implementation for ThreadExecutor
INFO  [2014-05-07 18:50:21,893] org.quartz.simpl.SimpleThreadPool: Job execution threads will use class loader of thread: main
INFO  [2014-05-07 18:50:21,927] org.quartz.core.SchedulerSignalerImpl: Initialized Scheduler Signaller of type: class org.quartz.core.SchedulerSignalerImpl
INFO  [2014-05-07 18:50:21,931] org.quartz.core.QuartzScheduler: Quartz Scheduler v.2.1.5 created.
INFO  [2014-05-07 18:50:21,932] org.quartz.simpl.RAMJobStore: RAMJobStore initialized.
INFO  [2014-05-07 18:50:21,935] org.quartz.core.QuartzScheduler: Scheduler meta-data: Quartz Scheduler (v2.1.5) 'DefaultQuartzScheduler' with instanceId 'NON_CLUSTERED'
  Scheduler class: 'org.quartz.core.QuartzScheduler' - running locally.
  NOT STARTED.
  Currently in standby mode.
  Number of jobs executed: 0
  Using thread pool 'org.quartz.simpl.SimpleThreadPool' - with 10 threads.
  Using job-store 'org.quartz.simpl.RAMJobStore' - which does not support persistence. and is not clustered.

INFO  [2014-05-07 18:50:21,936] org.quartz.impl.StdSchedulerFactory: Quartz scheduler 'DefaultQuartzScheduler' initialized from default resource file in Quartz package: 'quartz.properties'
INFO  [2014-05-07 18:50:21,937] org.quartz.impl.StdSchedulerFactory: Quartz scheduler version: 2.1.5
INFO  [2014-05-07 18:50:21,939] org.quartz.core.QuartzScheduler: Scheduler DefaultQuartzScheduler_$_NON_CLUSTERED started.
INFO  [2014-05-07 18:50:21,944] de.spinscale.dropwizard.jobs.JobManager: Jobs to run on application start: []
INFO  [2014-05-07 18:50:21,945] de.spinscale.dropwizard.jobs.JobManager: Jobs with @Every annotation: [class edu.sjsu.cmpe.voting.procurement.jobs.ProcurementSchedulerJob]
INFO  [2014-05-07 18:50:21,983] de.spinscale.dropwizard.jobs.JobManager: Jobs with @On annotation: []
INFO  [2014-05-07 18:50:22,054] org.eclipse.jetty.server.AbstractConnector: Started InstrumentedBlockingChannelConnector@0.0.0.0:9080
INFO  [2014-05-07 18:50:22,068] org.eclipse.jetty.server.AbstractConnector: Started SocketConnector@0.0.0.0:9081
INFO  [2014-05-07 19:28:51,752] org.eclipse.jetty.server.Server: Graceful shutdown SocketConnector@0.0.0.0:9081
INFO  [2014-05-07 19:28:51,752] org.eclipse.jetty.server.Server: Graceful shutdown InstrumentedBlockingChannelConnector@0.0.0.0:9080
INFO  [2014-05-07 19:28:51,756] org.eclipse.jetty.server.Server: Graceful shutdown o.e.j.s.ServletContextHandler{/,null}
INFO  [2014-05-07 19:28:51,756] org.eclipse.jetty.server.Server: Graceful shutdown o.e.j.s.ServletContextHandler{/,null}
INFO  [2014-05-07 19:28:53,811] org.eclipse.jetty.server.handler.ContextHandler: stopped o.e.j.s.ServletContextHandler{/,null}
INFO  [2014-05-07 19:28:53,812] org.eclipse.jetty.server.handler.ContextHandler: stopped o.e.j.s.ServletContextHandler{/,null}
INFO  [2014-05-07 19:28:53,914] org.quartz.core.QuartzScheduler: Scheduler DefaultQuartzScheduler_$_NON_CLUSTERED shutting down.
INFO  [2014-05-07 19:28:53,914] org.quartz.core.QuartzScheduler: Scheduler DefaultQuartzScheduler_$_NON_CLUSTERED paused.
INFO  [2014-05-07 19:30:36,434] org.quartz.core.QuartzScheduler: Scheduler DefaultQuartzScheduler_$_NON_CLUSTERED shutdown complete.
